This is pdfTeX, Version 3.14159265-2.6-1.40.16 (TeX Live 2015/Debian) (preloaded format=pdflatex 2018.11.14)  5 DEC 2018 16:02
entering extended mode
 restricted \write18 enabled.
 %&-line parsing enabled.
**theopraxtcc.tex
(./theopraxtcc.tex
LaTeX2e <2016/02/01>
Babel <3.9q> and hyphenation patterns for 81 language(s) loaded.
(./Classes/THEOPRAX.cls
Document Class: Classes/THEOPRAX 2017/10/31 v0.0.0
---------------------------------------------------------
Esta classe LaTeX está de acordo com os requerimentos do 
programa de pós-graduação para a submissão de uma disser-
tação de mestrado ou tese de doutorado ao SENAI Cimatec 
implementada inicialmente por Israel Vieira para atender 
os requisitos da University of Southampton e, posterior- 
mente, modificada por Hernane Pereira. 
---------------------------------------------------------
(/usr/share/texlive/texmf-dist/tex/latex/base/ifthen.sty
Package: ifthen 2014/09/29 v1.1c Standard LaTeX ifthen package (DPC)
)
(/usr/share/texlive/texmf-dist/tex/latex/setspace/setspace.sty
Package: setspace 2011/12/19 v6.7a set line spacing
)
(/usr/share/texlive/texmf-dist/tex/latex/amsmath/amsmath.sty
Package: amsmath 2016/03/03 v2.15a AMS math features
\@mathmargin=\skip41

For additional information on amsmath, use the `?' option.
(/usr/share/texlive/texmf-dist/tex/latex/amsmath/amstext.sty
Package: amstext 2000/06/29 v2.01 AMS text

(/usr/share/texlive/texmf-dist/tex/latex/amsmath/amsgen.sty
File: amsgen.sty 1999/11/30 v2.0 generic functions
\@emptytoks=\toks14
\ex@=\dimen102
))
(/usr/share/texlive/texmf-dist/tex/latex/amsmath/amsbsy.sty
Package: amsbsy 1999/11/29 v1.2d Bold Symbols
\pmbraise@=\dimen103
)
(/usr/share/texlive/texmf-dist/tex/latex/amsmath/amsopn.sty
Package: amsopn 1999/12/14 v2.01 operator names
)
\inf@bad=\count79
LaTeX Info: Redefining \frac on input line 199.
\uproot@=\count80
\leftroot@=\count81
LaTeX Info: Redefining \overline on input line 297.
\classnum@=\count82
\DOTSCASE@=\count83
LaTeX Info: Redefining \ldots on input line 394.
LaTeX Info: Redefining \dots on input line 397.
LaTeX Info: Redefining \cdots on input line 518.
\Mathstrutbox@=\box26
\strutbox@=\box27
\big@size=\dimen104
LaTeX Font Info:    Redeclaring font encoding OML on input line 630.
LaTeX Font Info:    Redeclaring font encoding OMS on input line 631.
\macc@depth=\count84
\c@MaxMatrixCols=\count85
\dotsspace@=\muskip10
\c@parentequation=\count86
\dspbrk@lvl=\count87
\tag@help=\toks15
\row@=\count88
\column@=\count89
\maxfields@=\count90
\andhelp@=\toks16
\eqnshift@=\dimen105
\alignsep@=\dimen106
\tagshift@=\dimen107
\tagwidth@=\dimen108
\totwidth@=\dimen109
\lineht@=\dimen110
\@envbody=\toks17
\multlinegap=\skip42
\multlinetaggap=\skip43
\mathdisplay@stack=\toks18
LaTeX Info: Redefining \[ on input line 2735.
LaTeX Info: Redefining \] on input line 2736.
)
(/usr/share/texlive/texmf-dist/tex/latex/amsfonts/amsfonts.sty
Package: amsfonts 2013/01/14 v3.01 Basic AMSFonts support
\symAMSa=\mathgroup4
\symAMSb=\mathgroup5
LaTeX Font Info:    Overwriting math alphabet `\mathfrak' in version `bold'
(Font)                  U/euf/m/n --> U/euf/b/n on input line 106.
)
(/usr/share/texlive/texmf-dist/tex/latex/amsfonts/amssymb.sty
Package: amssymb 2013/01/14 v3.01 AMS font symbols
)
(/usr/share/texlive/texmf-dist/tex/latex/amscls/amsthm.sty
Package: amsthm 2015/03/04 v2.20.2
\thm@style=\toks19
\thm@bodyfont=\toks20
\thm@headfont=\toks21
\thm@notefont=\toks22
\thm@headpunct=\toks23
\thm@preskip=\skip44
\thm@postskip=\skip45
\thm@headsep=\skip46
\dth@everypar=\toks24
)
(/usr/share/texlive/texmf-dist/tex/latex/amsfonts/eucal.sty
Package: eucal 2009/06/22 v3.00 Euler Script fonts
LaTeX Font Info:    Overwriting math alphabet `\EuScript' in version `bold'
(Font)                  U/eus/m/n --> U/eus/b/n on input line 33.
)
(/usr/share/texlive/texmf-dist/tex/latex/graphics/graphics.sty
Package: graphics 2016/01/03 v1.0q Standard LaTeX Graphics (DPC,SPQR)

(/usr/share/texlive/texmf-dist/tex/latex/graphics/trig.sty
Package: trig 2016/01/03 v1.10 sin cos tan (DPC)
)
(/usr/share/texlive/texmf-dist/tex/latex/latexconfig/graphics.cfg
File: graphics.cfg 2010/04/23 v1.9 graphics configuration of TeX Live
)
Package graphics Info: Driver file: pdftex.def on input line 95.

(/usr/share/texlive/texmf-dist/tex/latex/pdftex-def/pdftex.def
File: pdftex.def 2011/05/27 v0.06d Graphics/color for pdfTeX

(/usr/share/texlive/texmf-dist/tex/generic/oberdiek/infwarerr.sty
Package: infwarerr 2010/04/08 v1.3 Providing info/warning/error messages (HO)
)
(/usr/share/texlive/texmf-dist/tex/generic/oberdiek/ltxcmds.sty
Package: ltxcmds 2011/11/09 v1.22 LaTeX kernel commands for general use (HO)
)
\Gread@gobject=\count91
))
(/usr/share/texlive/texmf-dist/tex/latex/fancyhdr/fancyhdr.sty
\fancy@headwidth=\skip47
\f@ncyO@elh=\skip48
\f@ncyO@erh=\skip49
\f@ncyO@olh=\skip50
\f@ncyO@orh=\skip51
\f@ncyO@elf=\skip52
\f@ncyO@erf=\skip53
\f@ncyO@olf=\skip54
\f@ncyO@orf=\skip55
)
(/usr/share/texlive/texmf-dist/tex/generic/oberdiek/ifpdf.sty
Package: ifpdf 2011/01/30 v2.3 Provides the ifpdf switch (HO)
Package ifpdf Info: pdfTeX in PDF mode is detected.
)
---------------------------------------------------------
THEOPRAX usará a classe de documento -> report.
THEOPRAX gerará um arquivo PDF.
(/usr/share/texlive/texmf-dist/tex/latex/base/report.cls
Document Class: report 2014/09/29 v1.4h Standard LaTeX document class
(/usr/share/texlive/texmf-dist/tex/latex/base/size11.clo
File: size11.clo 2014/09/29 v1.4h Standard LaTeX file (size option)
)
\c@part=\count92
\c@chapter=\count93
\c@section=\count94
\c@subsection=\count95
\c@subsubsection=\count96
\c@paragraph=\count97
\c@subparagraph=\count98
\c@figure=\count99
\c@table=\count100
\abovecaptionskip=\skip56
\belowcaptionskip=\skip57
\bibindent=\dimen111
)
---------------------------------------------------------
(/usr/share/texlive/texmf-dist/tex/latex/hyperref/hyperref.sty
Package: hyperref 2012/11/06 v6.83m Hypertext links for LaTeX

(/usr/share/texlive/texmf-dist/tex/generic/oberdiek/hobsub-hyperref.sty
Package: hobsub-hyperref 2012/05/28 v1.13 Bundle oberdiek, subset hyperref (HO)


(/usr/share/texlive/texmf-dist/tex/generic/oberdiek/hobsub-generic.sty
Package: hobsub-generic 2012/05/28 v1.13 Bundle oberdiek, subset generic (HO)
Package: hobsub 2012/05/28 v1.13 Construct package bundles (HO)
Package hobsub Info: Skipping package `infwarerr' (already loaded).
Package hobsub Info: Skipping package `ltxcmds' (already loaded).
Package: ifluatex 2010/03/01 v1.3 Provides the ifluatex switch (HO)
Package ifluatex Info: LuaTeX not detected.
Package: ifvtex 2010/03/01 v1.5 Detect VTeX and its facilities (HO)
Package ifvtex Info: VTeX not detected.
Package: intcalc 2007/09/27 v1.1 Expandable calculations with integers (HO)
Package hobsub Info: Skipping package `ifpdf' (already loaded).
Package: etexcmds 2011/02/16 v1.5 Avoid name clashes with e-TeX commands (HO)
Package etexcmds Info: Could not find \expanded.
(etexcmds)             That can mean that you are not using pdfTeX 1.50 or
(etexcmds)             that some package has redefined \expanded.
(etexcmds)             In the latter case, load this package earlier.
Package: kvsetkeys 2012/04/25 v1.16 Key value parser (HO)
Package: kvdefinekeys 2011/04/07 v1.3 Define keys (HO)
Package: pdftexcmds 2011/11/29 v0.20 Utility functions of pdfTeX for LuaTeX (HO
)
Package pdftexcmds Info: LuaTeX not detected.
Package pdftexcmds Info: \pdf@primitive is available.
Package pdftexcmds Info: \pdf@ifprimitive is available.
Package pdftexcmds Info: \pdfdraftmode found.
Package: pdfescape 2011/11/25 v1.13 Implements pdfTeX's escape features (HO)
Package: bigintcalc 2012/04/08 v1.3 Expandable calculations on big integers (HO
)
Package: bitset 2011/01/30 v1.1 Handle bit-vector datatype (HO)
Package: uniquecounter 2011/01/30 v1.2 Provide unlimited unique counter (HO)
)
Package hobsub Info: Skipping package `hobsub' (already loaded).
Package: letltxmacro 2010/09/02 v1.4 Let assignment for LaTeX macros (HO)
Package: hopatch 2012/05/28 v1.2 Wrapper for package hooks (HO)
Package: xcolor-patch 2011/01/30 xcolor patch
Package: atveryend 2011/06/30 v1.8 Hooks at the very end of document (HO)
Package atveryend Info: \enddocument detected (standard20110627).
Package: atbegshi 2011/10/05 v1.16 At begin shipout hook (HO)
Package: refcount 2011/10/16 v3.4 Data extraction from label references (HO)
Package: hycolor 2011/01/30 v1.7 Color options for hyperref/bookmark (HO)
)
(/usr/share/texlive/texmf-dist/tex/latex/graphics/keyval.sty
Package: keyval 2014/10/28 v1.15 key=value parser (DPC)
\KV@toks@=\toks25
)
(/usr/share/texlive/texmf-dist/tex/generic/ifxetex/ifxetex.sty
Package: ifxetex 2010/09/12 v0.6 Provides ifxetex conditional
)
(/usr/share/texlive/texmf-dist/tex/latex/oberdiek/auxhook.sty
Package: auxhook 2011/03/04 v1.3 Hooks for auxiliary files (HO)
)
(/usr/share/texlive/texmf-dist/tex/latex/oberdiek/kvoptions.sty
Package: kvoptions 2011/06/30 v3.11 Key value format for package options (HO)
)
\@linkdim=\dimen112
\Hy@linkcounter=\count101
\Hy@pagecounter=\count102

(/usr/share/texlive/texmf-dist/tex/latex/hyperref/pd1enc.def
File: pd1enc.def 2012/11/06 v6.83m Hyperref: PDFDocEncoding definition (HO)
)
\Hy@SavedSpaceFactor=\count103

(/usr/share/texlive/texmf-dist/tex/latex/latexconfig/hyperref.cfg
File: hyperref.cfg 2002/06/06 v1.2 hyperref configuration of TeXLive
)

Package hyperref Warning: Values of option `pdfpagelayout':
(hyperref)                * `SinglePage'
(hyperref)                * `OneColumn'
(hyperref)                * `TwoColumnLeft'
(hyperref)                * `TwoColumnRight'
(hyperref)                * `TwoPageLeft' (PDF 1.5)
(hyperref)                * `TwoPageRight' (PDF 1.5)
(hyperref)                * An empty value disables the option.
(hyperref)                Unknown value `useoutlines' on input line 4319.

Package hyperref Info: Option `bookmarks' set `true' on input line 4319.
Package hyperref Info: Option `bookmarksopen' set `true' on input line 4319.
Package hyperref Info: Option `bookmarksnumbered' set `true' on input line 4319
.
Package hyperref Info: Option `breaklinks' set `true' on input line 4319.
Package hyperref Info: Option `linktocpage' set `true' on input line 4319.
Package hyperref Info: Option `colorlinks' set `false' on input line 4319.
Package hyperref Info: Option `hyperindex' set `true' on input line 4319.
Package hyperref Info: Hyper figures OFF on input line 4443.
Package hyperref Info: Link nesting OFF on input line 4448.
Package hyperref Info: Hyper index ON on input line 4451.
Package hyperref Info: Plain pages OFF on input line 4458.
Package hyperref Info: Backreferencing ON on input line 4461.
Package hyperref Info: Implicit mode ON; LaTeX internals redefined.
Package hyperref Info: Bookmarks ON on input line 4688.
(/usr/share/texlive/texmf-dist/tex/latex/hyperref/backref.sty
Package: backref 2012/07/25 v1.38 Bibliographical back referencing

(/usr/share/texlive/texmf-dist/tex/latex/oberdiek/rerunfilecheck.sty
Package: rerunfilecheck 2011/04/15 v1.7 Rerun checks for auxiliary files (HO)
Package uniquecounter Info: New unique counter `rerunfilecheck' on input line 2
82.
))
\c@Hy@tempcnt=\count104

(/usr/share/texlive/texmf-dist/tex/latex/url/url.sty
\Urlmuskip=\muskip11
Package: url 2013/09/16  ver 3.4  Verb mode for urls, etc.
)
LaTeX Info: Redefining \url on input line 5041.
\XeTeXLinkMargin=\dimen113
\Fld@menulength=\count105
\Field@Width=\dimen114
\Fld@charsize=\dimen115
Package hyperref Info: Hyper figures OFF on input line 6295.
Package hyperref Info: Link nesting OFF on input line 6300.
Package hyperref Info: Hyper index ON on input line 6303.
Package hyperref Info: backreferencing ON on input line 6308.
Package hyperref Info: Link coloring OFF on input line 6315.
Package hyperref Info: Link coloring with OCG OFF on input line 6320.
Package hyperref Info: PDF/A mode OFF on input line 6325.
LaTeX Info: Redefining \ref on input line 6365.
LaTeX Info: Redefining \pageref on input line 6369.
\Hy@abspage=\count106
\c@Item=\count107
\c@Hfootnote=\count108
)

Package hyperref Message: Driver: hpdftex.

(/usr/share/texlive/texmf-dist/tex/latex/hyperref/hpdftex.def
File: hpdftex.def 2012/11/06 v6.83m Hyperref driver for pdfTeX
\Fld@listcount=\count109
\c@bookmark@seq@number=\count110
\Hy@SectionHShift=\skip58
)
(/usr/share/texlive/texmf-dist/tex/latex/graphics/graphicx.sty
Package: graphicx 2014/10/28 v1.0g Enhanced LaTeX Graphics (DPC,SPQR)
\Gin@req@height=\dimen116
\Gin@req@width=\dimen117
)
\rightmargin=\dimen118
\botmargin=\dimen119

(/usr/share/texlive/texmf-dist/tex/generic/babel/babel.sty
Package: babel 2016/02/24 3.9q The Babel package

(/usr/share/texlive/texmf-dist/tex/generic/babel-english/english.ldf
Language: english 2012/08/20 v3.3p English support from the babel system

(/usr/share/texlive/texmf-dist/tex/generic/babel/babel.def
File: babel.def 2016/02/24 3.9q Babel common definitions
\babel@savecnt=\count111
\U@D=\dimen120
)
\l@canadian = a dialect from \language\l@american 
\l@australian = a dialect from \language\l@british 
\l@newzealand = a dialect from \language\l@british 
)
(/usr/share/texlive/texmf-dist/tex/generic/babel-portuges/portuges.ldf
Language: portuges 2008/03/18 v1.2q Portuguese support from the babel system
\l@brazil = a dialect from \language\l@portuges 
Package babel Info: Making " an active character on input line 145.
))
(/usr/share/texlive/texmf-dist/tex/latex/ms/ragged2e.sty
Package: ragged2e 2009/05/21 v2.1 ragged2e Package (MS)

(/usr/share/texlive/texmf-dist/tex/latex/ms/everysel.sty
Package: everysel 2011/10/28 v1.2 EverySelectfont Package (MS)
)
\CenteringLeftskip=\skip59
\RaggedLeftLeftskip=\skip60
\RaggedRightLeftskip=\skip61
\CenteringRightskip=\skip62
\RaggedLeftRightskip=\skip63
\RaggedRightRightskip=\skip64
\CenteringParfillskip=\skip65
\RaggedLeftParfillskip=\skip66
\RaggedRightParfillskip=\skip67
\JustifyingParfillskip=\skip68
\CenteringParindent=\skip69
\RaggedLeftParindent=\skip70
\RaggedRightParindent=\skip71
\JustifyingParindent=\skip72
))

Package hyperref Warning: Option `backref' has already been used,
(hyperref)                setting the option has no effect on input line 106.

Package hyperref Info: Option `colorlinks' set `true' on input line 106.
(/usr/share/texlive/texmf-dist/tex/latex/base/inputenc.sty
Package: inputenc 2015/03/17 v1.2c Input encoding file
\inpenc@prehook=\toks26
\inpenc@posthook=\toks27

(/usr/share/texlive/texmf-dist/tex/latex/base/utf8.def
File: utf8.def 2015/12/03 v1.1r UTF-8 support for inputenc
Now handling font encoding OML ...
... no UTF-8 mapping file for font encoding OML
Now handling font encoding T1 ...
... processing UTF-8 mapping file for font encoding T1

(/usr/share/texlive/texmf-dist/tex/latex/base/t1enc.dfu
File: t1enc.dfu 2015/12/03 v1.1r UTF-8 support for inputenc
   defining Unicode char U+00A0 (decimal 160)
   defining Unicode char U+00A1 (decimal 161)
   defining Unicode char U+00A3 (decimal 163)
   defining Unicode char U+00AB (decimal 171)
   defining Unicode char U+00AD (decimal 173)
   defining Unicode char U+00BB (decimal 187)
   defining Unicode char U+00BF (decimal 191)
   defining Unicode char U+00C0 (decimal 192)
   defining Unicode char U+00C1 (decimal 193)
   defining Unicode char U+00C2 (decimal 194)
   defining Unicode char U+00C3 (decimal 195)
   defining Unicode char U+00C4 (decimal 196)
   defining Unicode char U+00C5 (decimal 197)
   defining Unicode char U+00C6 (decimal 198)
   defining Unicode char U+00C7 (decimal 199)
   defining Unicode char U+00C8 (decimal 200)
   defining Unicode char U+00C9 (decimal 201)
   defining Unicode char U+00CA (decimal 202)
   defining Unicode char U+00CB (decimal 203)
   defining Unicode char U+00CC (decimal 204)
   defining Unicode char U+00CD (decimal 205)
   defining Unicode char U+00CE (decimal 206)
   defining Unicode char U+00CF (decimal 207)
   defining Unicode char U+00D0 (decimal 208)
   defining Unicode char U+00D1 (decimal 209)
   defining Unicode char U+00D2 (decimal 210)
   defining Unicode char U+00D3 (decimal 211)
   defining Unicode char U+00D4 (decimal 212)
   defining Unicode char U+00D5 (decimal 213)
   defining Unicode char U+00D6 (decimal 214)
   defining Unicode char U+00D8 (decimal 216)
   defining Unicode char U+00D9 (decimal 217)
   defining Unicode char U+00DA (decimal 218)
   defining Unicode char U+00DB (decimal 219)
   defining Unicode char U+00DC (decimal 220)
   defining Unicode char U+00DD (decimal 221)
   defining Unicode char U+00DE (decimal 222)
   defining Unicode char U+00DF (decimal 223)
   defining Unicode char U+00E0 (decimal 224)
   defining Unicode char U+00E1 (decimal 225)
   defining Unicode char U+00E2 (decimal 226)
   defining Unicode char U+00E3 (decimal 227)
   defining Unicode char U+00E4 (decimal 228)
   defining Unicode char U+00E5 (decimal 229)
   defining Unicode char U+00E6 (decimal 230)
   defining Unicode char U+00E7 (decimal 231)
   defining Unicode char U+00E8 (decimal 232)
   defining Unicode char U+00E9 (decimal 233)
   defining Unicode char U+00EA (decimal 234)
   defining Unicode char U+00EB (decimal 235)
   defining Unicode char U+00EC (decimal 236)
   defining Unicode char U+00ED (decimal 237)
   defining Unicode char U+00EE (decimal 238)
   defining Unicode char U+00EF (decimal 239)
   defining Unicode char U+00F0 (decimal 240)
   defining Unicode char U+00F1 (decimal 241)
   defining Unicode char U+00F2 (decimal 242)
   defining Unicode char U+00F3 (decimal 243)
   defining Unicode char U+00F4 (decimal 244)
   defining Unicode char U+00F5 (decimal 245)
   defining Unicode char U+00F6 (decimal 246)
   defining Unicode char U+00F8 (decimal 248)
   defining Unicode char U+00F9 (decimal 249)
   defining Unicode char U+00FA (decimal 250)
   defining Unicode char U+00FB (decimal 251)
   defining Unicode char U+00FC (decimal 252)
   defining Unicode char U+00FD (decimal 253)
   defining Unicode char U+00FE (decimal 254)
   defining Unicode char U+00FF (decimal 255)
   defining Unicode char U+0100 (decimal 256)
   defining Unicode char U+0101 (decimal 257)
   defining Unicode char U+0102 (decimal 258)
   defining Unicode char U+0103 (decimal 259)
   defining Unicode char U+0104 (decimal 260)
   defining Unicode char U+0105 (decimal 261)
   defining Unicode char U+0106 (decimal 262)
   defining Unicode char U+0107 (decimal 263)
   defining Unicode char U+0108 (decimal 264)
   defining Unicode char U+0109 (decimal 265)
   defining Unicode char U+010A (decimal 266)
   defining Unicode char U+010B (decimal 267)
   defining Unicode char U+010C (decimal 268)
   defining Unicode char U+010D (decimal 269)
   defining Unicode char U+010E (decimal 270)
   defining Unicode char U+010F (decimal 271)
   defining Unicode char U+0110 (decimal 272)
   defining Unicode char U+0111 (decimal 273)
   defining Unicode char U+0112 (decimal 274)
   defining Unicode char U+0113 (decimal 275)
   defining Unicode char U+0114 (decimal 276)
   defining Unicode char U+0115 (decimal 277)
   defining Unicode char U+0116 (decimal 278)
   defining Unicode char U+0117 (decimal 279)
   defining Unicode char U+0118 (decimal 280)
   defining Unicode char U+0119 (decimal 281)
   defining Unicode char U+011A (decimal 282)
   defining Unicode char U+011B (decimal 283)
   defining Unicode char U+011C (decimal 284)
   defining Unicode char U+011D (decimal 285)
   defining Unicode char U+011E (decimal 286)
   defining Unicode char U+011F (decimal 287)
   defining Unicode char U+0120 (decimal 288)
   defining Unicode char U+0121 (decimal 289)
   defining Unicode char U+0122 (decimal 290)
   defining Unicode char U+0123 (decimal 291)
   defining Unicode char U+0124 (decimal 292)
   defining Unicode char U+0125 (decimal 293)
   defining Unicode char U+0128 (decimal 296)
   defining Unicode char U+0129 (decimal 297)
   defining Unicode char U+012A (decimal 298)
   defining Unicode char U+012B (decimal 299)
   defining Unicode char U+012C (decimal 300)
   defining Unicode char U+012D (decimal 301)
   defining Unicode char U+012E (decimal 302)
   defining Unicode char U+012F (decimal 303)
   defining Unicode char U+0130 (decimal 304)
   defining Unicode char U+0131 (decimal 305)
   defining Unicode char U+0132 (decimal 306)
   defining Unicode char U+0133 (decimal 307)
   defining Unicode char U+0134 (decimal 308)
   defining Unicode char U+0135 (decimal 309)
   defining Unicode char U+0136 (decimal 310)
   defining Unicode char U+0137 (decimal 311)
   defining Unicode char U+0139 (decimal 313)
   defining Unicode char U+013A (decimal 314)
   defining Unicode char U+013B (decimal 315)
   defining Unicode char U+013C (decimal 316)
   defining Unicode char U+013D (decimal 317)
   defining Unicode char U+013E (decimal 318)
   defining Unicode char U+0141 (decimal 321)
   defining Unicode char U+0142 (decimal 322)
   defining Unicode char U+0143 (decimal 323)
   defining Unicode char U+0144 (decimal 324)
   defining Unicode char U+0145 (decimal 325)
   defining Unicode char U+0146 (decimal 326)
   defining Unicode char U+0147 (decimal 327)
   defining Unicode char U+0148 (decimal 328)
   defining Unicode char U+014A (decimal 330)
   defining Unicode char U+014B (decimal 331)
   defining Unicode char U+014C (decimal 332)
   defining Unicode char U+014D (decimal 333)
   defining Unicode char U+014E (decimal 334)
   defining Unicode char U+014F (decimal 335)
   defining Unicode char U+0150 (decimal 336)
   defining Unicode char U+0151 (decimal 337)
   defining Unicode char U+0152 (decimal 338)
   defining Unicode char U+0153 (decimal 339)
   defining Unicode char U+0154 (decimal 340)
   defining Unicode char U+0155 (decimal 341)
   defining Unicode char U+0156 (decimal 342)
   defining Unicode char U+0157 (decimal 343)
   defining Unicode char U+0158 (decimal 344)
   defining Unicode char U+0159 (decimal 345)
   defining Unicode char U+015A (decimal 346)
   defining Unicode char U+015B (decimal 347)
   defining Unicode char U+015C (decimal 348)
   defining Unicode char U+015D (decimal 349)
   defining Unicode char U+015E (decimal 350)
   defining Unicode char U+015F (decimal 351)
   defining Unicode char U+0160 (decimal 352)
   defining Unicode char U+0161 (decimal 353)
   defining Unicode char U+0162 (decimal 354)
   defining Unicode char U+0163 (decimal 355)
   defining Unicode char U+0164 (decimal 356)
   defining Unicode char U+0165 (decimal 357)
   defining Unicode char U+0168 (decimal 360)
   defining Unicode char U+0169 (decimal 361)
   defining Unicode char U+016A (decimal 362)
   defining Unicode char U+016B (decimal 363)
   defining Unicode char U+016C (decimal 364)
   defining Unicode char U+016D (decimal 365)
   defining Unicode char U+016E (decimal 366)
   defining Unicode char U+016F (decimal 367)
   defining Unicode char U+0170 (decimal 368)
   defining Unicode char U+0171 (decimal 369)
   defining Unicode char U+0172 (decimal 370)
   defining Unicode char U+0173 (decimal 371)
   defining Unicode char U+0174 (decimal 372)
   defining Unicode char U+0175 (decimal 373)
   defining Unicode char U+0176 (decimal 374)
   defining Unicode char U+0177 (decimal 375)
   defining Unicode char U+0178 (decimal 376)
   defining Unicode char U+0179 (decimal 377)
   defining Unicode char U+017A (decimal 378)
   defining Unicode char U+017B (decimal 379)
   defining Unicode char U+017C (decimal 380)
   defining Unicode char U+017D (decimal 381)
   defining Unicode char U+017E (decimal 382)
   defining Unicode char U+01CD (decimal 461)
   defining Unicode char U+01CE (decimal 462)
   defining Unicode char U+01CF (decimal 463)
   defining Unicode char U+01D0 (decimal 464)
   defining Unicode char U+01D1 (decimal 465)
   defining Unicode char U+01D2 (decimal 466)
   defining Unicode char U+01D3 (decimal 467)
   defining Unicode char U+01D4 (decimal 468)
   defining Unicode char U+01E2 (decimal 482)
   defining Unicode char U+01E3 (decimal 483)
   defining Unicode char U+01E6 (decimal 486)
   defining Unicode char U+01E7 (decimal 487)
   defining Unicode char U+01E8 (decimal 488)
   defining Unicode char U+01E9 (decimal 489)
   defining Unicode char U+01EA (decimal 490)
   defining Unicode char U+01EB (decimal 491)
   defining Unicode char U+01F0 (decimal 496)
   defining Unicode char U+01F4 (decimal 500)
   defining Unicode char U+01F5 (decimal 501)
   defining Unicode char U+0218 (decimal 536)
   defining Unicode char U+0219 (decimal 537)
   defining Unicode char U+021A (decimal 538)
   defining Unicode char U+021B (decimal 539)
   defining Unicode char U+01E02 (decimal 7682)
   defining Unicode char U+01E03 (decimal 7683)
   defining Unicode char U+200C (decimal 8204)
   defining Unicode char U+2013 (decimal 8211)
   defining Unicode char U+2014 (decimal 8212)
   defining Unicode char U+2018 (decimal 8216)
   defining Unicode char U+2019 (decimal 8217)
   defining Unicode char U+201A (decimal 8218)
   defining Unicode char U+201C (decimal 8220)
   defining Unicode char U+201D (decimal 8221)
   defining Unicode char U+201E (decimal 8222)
   defining Unicode char U+2030 (decimal 8240)
   defining Unicode char U+2031 (decimal 8241)
   defining Unicode char U+2039 (decimal 8249)
   defining Unicode char U+203A (decimal 8250)
   defining Unicode char U+2423 (decimal 9251)
)
Now handling font encoding OT1 ...
... processing UTF-8 mapping file for font encoding OT1

(/usr/share/texlive/texmf-dist/tex/latex/base/ot1enc.dfu
File: ot1enc.dfu 2015/12/03 v1.1r UTF-8 support for inputenc
   defining Unicode char U+00A0 (decimal 160)
   defining Unicode char U+00A1 (decimal 161)
   defining Unicode char U+00A3 (decimal 163)
   defining Unicode char U+00AD (decimal 173)
   defining Unicode char U+00B8 (decimal 184)
   defining Unicode char U+00BF (decimal 191)
   defining Unicode char U+00C5 (decimal 197)
   defining Unicode char U+00C6 (decimal 198)
   defining Unicode char U+00D8 (decimal 216)
   defining Unicode char U+00DF (decimal 223)
   defining Unicode char U+00E6 (decimal 230)
   defining Unicode char U+00EC (decimal 236)
   defining Unicode char U+00ED (decimal 237)
   defining Unicode char U+00EE (decimal 238)
   defining Unicode char U+00EF (decimal 239)
   defining Unicode char U+00F8 (decimal 248)
   defining Unicode char U+0131 (decimal 305)
   defining Unicode char U+0141 (decimal 321)
   defining Unicode char U+0142 (decimal 322)
   defining Unicode char U+0152 (decimal 338)
   defining Unicode char U+0153 (decimal 339)
   defining Unicode char U+0174 (decimal 372)
   defining Unicode char U+0175 (decimal 373)
   defining Unicode char U+0176 (decimal 374)
   defining Unicode char U+0177 (decimal 375)
   defining Unicode char U+0218 (decimal 536)
   defining Unicode char U+0219 (decimal 537)
   defining Unicode char U+021A (decimal 538)
   defining Unicode char U+021B (decimal 539)
   defining Unicode char U+2013 (decimal 8211)
   defining Unicode char U+2014 (decimal 8212)
   defining Unicode char U+2018 (decimal 8216)
   defining Unicode char U+2019 (decimal 8217)
   defining Unicode char U+201C (decimal 8220)
   defining Unicode char U+201D (decimal 8221)
)
Now handling font encoding OMS ...
... processing UTF-8 mapping file for font encoding OMS

(/usr/share/texlive/texmf-dist/tex/latex/base/omsenc.dfu
File: omsenc.dfu 2015/12/03 v1.1r UTF-8 support for inputenc
   defining Unicode char U+00A7 (decimal 167)
   defining Unicode char U+00B6 (decimal 182)
   defining Unicode char U+00B7 (decimal 183)
   defining Unicode char U+2020 (decimal 8224)
   defining Unicode char U+2021 (decimal 8225)
   defining Unicode char U+2022 (decimal 8226)
)
Now handling font encoding OMX ...
... no UTF-8 mapping file for font encoding OMX
Now handling font encoding U ...
... no UTF-8 mapping file for font encoding U
Now handling font encoding PD1 ...
... no UTF-8 mapping file for font encoding PD1
   defining Unicode char U+00A9 (decimal 169)
   defining Unicode char U+00AA (decimal 170)
   defining Unicode char U+00AE (decimal 174)
   defining Unicode char U+00BA (decimal 186)
   defining Unicode char U+02C6 (decimal 710)
   defining Unicode char U+02DC (decimal 732)
   defining Unicode char U+200C (decimal 8204)
   defining Unicode char U+2026 (decimal 8230)
   defining Unicode char U+2122 (decimal 8482)
   defining Unicode char U+2423 (decimal 9251)
))
(/usr/share/texlive/texmf-dist/tex/latex/tools/longtable.sty
Package: longtable 2014/10/28 v4.11 Multi-page Table package (DPC)
\LTleft=\skip73
\LTright=\skip74
\LTpre=\skip75
\LTpost=\skip76
\LTchunksize=\count112
\LTcapwidth=\dimen121
\LT@head=\box28
\LT@firsthead=\box29
\LT@foot=\box30
\LT@lastfoot=\box31
\LT@cols=\count113
\LT@rows=\count114
\c@LT@tables=\count115
\c@LT@chunks=\count116
\LT@p@ftn=\toks28
)
(/usr/share/texlive/texmf-dist/tex/latex/tools/dcolumn.sty
Package: dcolumn 2014/10/28 v1.06 decimal alignment package (DPC)

(/usr/share/texlive/texmf-dist/tex/latex/tools/array.sty
Package: array 2014/10/28 v2.4c Tabular extension package (FMi)
\col@sep=\dimen122
\extrarowheight=\dimen123
\NC@list=\toks29
\extratabsurround=\skip77
\backup@length=\skip78
))
(/usr/share/texlive/texmf-dist/tex/latex/multirow/multirow.sty
\bigstrutjot=\dimen124
)
(/usr/share/texlive/texmf-dist/tex/latex/graphics/lscape.sty
Package: lscape 2000/10/22 v3.01 Landscape Pages (DPC)
)
(/usr/share/texlive/texmf-dist/tex/latex/rotating/rotating.sty
Package: rotating 2009/03/28 v2.16a rotated objects in LaTeX
\c@r@tfl@t=\count117
\rotFPtop=\skip79
\rotFPbot=\skip80
\rot@float@box=\box32
\rot@mess@toks=\toks30
)
(/usr/share/texlive/texmf-dist/tex/latex/tools/indentfirst.sty
Package: indentfirst 1995/11/23 v1.03 Indent first paragraph (DPC)
)
(/usr/share/texlive/texmf-dist/tex/latex/cite/cite.sty
LaTeX Info: Redefining \cite on input line 302.
LaTeX Info: Redefining \nocite on input line 332.
Package: cite 2015/02/27  v 5.5
)
(/usr/share/texlive/texmf-dist/tex/latex/geometry/geometry.sty
Package: geometry 2010/09/12 v5.6 Page Geometry
\Gm@cnth=\count118
\Gm@cntv=\count119
\c@Gm@tempcnt=\count120
\Gm@bindingoffset=\dimen125
\Gm@wd@mp=\dimen126
\Gm@odd@mp=\dimen127
\Gm@even@mp=\dimen128
\Gm@layoutwidth=\dimen129
\Gm@layoutheight=\dimen130
\Gm@layouthoffset=\dimen131
\Gm@layoutvoffset=\dimen132
\Gm@dimlist=\toks31
)
(/usr/share/texlive/texmf-dist/tex/latex/abntex2/abntex2cite.sty
Package: abntex2cite 2016/02/26 v-1.9.6 abnTeX2

(/usr/share/texlive/texmf-dist/tex/latex/tools/calc.sty
Package: calc 2014/10/28 v4.3 Infix arithmetic (KKT,FJ)
\calc@Acount=\count121
\calc@Bcount=\count122
\calc@Adimen=\dimen133
\calc@Bdimen=\dimen134
\calc@Askip=\skip81
\calc@Bskip=\skip82
LaTeX Info: Redefining \setlength on input line 80.
LaTeX Info: Redefining \addtolength on input line 81.
\calc@Ccount=\count123
\calc@Cskip=\skip83
)
(/usr/share/texlive/texmf-dist/tex/latex/abntex2/abntex2abrev.sty)
\minimumbiblabelwidth=\skip84
\ABCIauxlen=\skip85
\c@ABCIaux=\count124
\c@ABCImax=\count125

(/usr/share/texlive/texmf-dist/tex/latex/relsize/relsize.sty
Package: relsize 2013/03/29 ver 4.1
)
\biblabelsep=\skip86
LaTeX Info: Redefining \newblock on input line 591.
LaTeX Info: Redefining \cite on input line 618.
LaTeX Info: Redefining \citeonline on input line 677.
\ABCItoken=\toks32
)
(/usr/share/texlive/texmf-dist/tex/latex/shadow/shadow.sty
Package: shadow 2003/02/19 v1.3 shadow boxes (M.O.)
\txtwdth=\dimen135
\sht=\dimen136
\shw=\dimen137
\shbox=\box33
\sboxsep=\dimen138
\sboxrule=\dimen139
\sdim=\dimen140
)
(/usr/share/texlive/texmf-dist/tex/latex/wrapfig/wrapfig.sty
\wrapoverhang=\dimen141
\WF@size=\dimen142
\c@WF@wrappedlines=\count126
\WF@box=\box34
\WF@everypar=\toks33
Package: wrapfig 2003/01/31  v 3.6
)
(/usr/share/texlive/texmf-dist/tex/generic/ulem/ulem.sty
\UL@box=\box35
\UL@hyphenbox=\box36
\UL@skip=\skip87
\UL@hook=\toks34
\UL@height=\dimen143
\UL@pe=\count127
\UL@pixel=\dimen144
\ULC@box=\box37
Package: ulem 2012/05/18
\ULdepth=\dimen145
)
(/usr/share/texlive/texmf-dist/tex/latex/base/makeidx.sty
Package: makeidx 2014/09/29 v1.0m Standard LaTeX package
)
(/usr/share/texlive/texmf-dist/tex/latex/yfonts/yfonts.sty
Package: yfonts 2003/01/08 v1.3 (WaS)
Now handling font encoding LY ...
... no UTF-8 mapping file for font encoding LY
Now handling font encoding LYG ...
... no UTF-8 mapping file for font encoding LYG
)
(/usr/share/texlive/texmf-dist/tex/latex/pdfpages/pdfpages.sty
Package: pdfpages 2015/09/18 v0.5d Insert pages of external PDF documents (AM)

(/usr/share/texlive/texmf-dist/tex/latex/eso-pic/eso-pic.sty
Package: eso-pic 2015/07/21 v2.0g eso-pic (RN)

(/usr/share/texlive/texmf-dist/tex/latex/xcolor/xcolor.sty
Package: xcolor 2007/01/21 v2.11 LaTeX color extensions (UK)

(/usr/share/texlive/texmf-dist/tex/latex/latexconfig/color.cfg
File: color.cfg 2007/01/18 v1.5 color configuration of teTeX/TeXLive
)
Package xcolor Info: Driver file: pdftex.def on input line 225.

(/usr/share/texlive/texmf-dist/tex/latex/colortbl/colortbl.sty
Package: colortbl 2012/02/13 v1.0a Color table columns (DPC)
\everycr=\toks35
\minrowclearance=\skip88
)
\rownum=\count128
Package xcolor Info: Model `cmy' substituted by `cmy0' on input line 1337.
Package xcolor Info: Model `hsb' substituted by `rgb' on input line 1341.
Package xcolor Info: Model `RGB' extended on input line 1353.
Package xcolor Info: Model `HTML' substituted by `rgb' on input line 1355.
Package xcolor Info: Model `Hsb' substituted by `hsb' on input line 1356.
Package xcolor Info: Model `tHsb' substituted by `hsb' on input line 1357.
Package xcolor Info: Model `HSB' substituted by `hsb' on input line 1358.
Package xcolor Info: Model `Gray' substituted by `gray' on input line 1359.
Package xcolor Info: Model `wave' substituted by `hsb' on input line 1360.
))
\AM@pagewidth=\dimen146
\AM@pageheight=\dimen147

(/usr/share/texlive/texmf-dist/tex/latex/pdfpages/pppdftex.def
File: pppdftex.def 2015/09/18 v0.5d Pdfpages driver for pdfTeX (AM)
)
\AM@pagebox=\box38
\AM@toc@title=\toks36
\c@AM@survey=\count129
\AM@templatesizebox=\box39
)
(/usr/share/texlive/texmf-dist/tex/latex/caption/caption.sty
Package: caption 2016/02/21 v3.3-144 Customizing captions (AR)

(/usr/share/texlive/texmf-dist/tex/latex/caption/caption3.sty
Package: caption3 2016/02/04 v1.7-139 caption3 kernel (AR)
Package caption3 Info: TeX engine: e-TeX on input line 67.
\captionmargin=\dimen148
\captionmargin@=\dimen149
\captionwidth=\dimen150
\caption@tempdima=\dimen151
\caption@indent=\dimen152
\caption@parindent=\dimen153
\caption@hangindent=\dimen154
)
\c@ContinuedFloat=\count130
Package caption Info: hyperref package is loaded.
Package caption Info: longtable package is loaded.

(/usr/share/texlive/texmf-dist/tex/latex/caption/ltcaption.sty
Package: ltcaption 2013/06/09 v1.4-94 longtable captions (AR)
)
Package caption Info: rotating package is loaded.
Package caption Info: wrapfig package is loaded.
)
(/usr/share/texlive/texmf-dist/tex/latex/caption/subcaption.sty
Package: subcaption 2016/02/20 v1.1-142 Sub-captions (AR)
\c@subfigure=\count131
\c@subtable=\count132
)
(/usr/share/texlive/texmf-dist/tex/latex/adjustbox/adjustbox.sty
Package: adjustbox 2012/05/21 v1.0 Adjusting TeX boxes (trim, clip, ...)

(/usr/share/texlive/texmf-dist/tex/latex/xkeyval/xkeyval.sty
Package: xkeyval 2014/12/03 v2.7a package option processing (HA)

(/usr/share/texlive/texmf-dist/tex/generic/xkeyval/xkeyval.tex
(/usr/share/texlive/texmf-dist/tex/generic/xkeyval/xkvutils.tex
\XKV@toks=\toks37
\XKV@tempa@toks=\toks38
)
\XKV@depth=\count133
File: xkeyval.tex 2014/12/03 v2.7a key=value parser (HA)
))
(/usr/share/texlive/texmf-dist/tex/latex/adjustbox/adjcalc.sty
Package: adjcalc 2012/05/16 v1.1 Provides advanced setlength with multiple back
-ends (calc, etex, pgfmath)
)
(/usr/share/texlive/texmf-dist/tex/latex/adjustbox/trimclip.sty
Package: trimclip 2012/05/16 v1.0 Trim and clip general TeX material

(/usr/share/texlive/texmf-dist/tex/latex/collectbox/collectbox.sty
Package: collectbox 2012/05/17 v0.4b Collect macro arguments as boxes
\collectedbox=\box40
)
\tc@llx=\dimen155
\tc@lly=\dimen156
\tc@urx=\dimen157
\tc@ury=\dimen158
Package trimclip Info: Using driver 'tc-pdftex.def'.

(/usr/share/texlive/texmf-dist/tex/latex/adjustbox/tc-pdftex.def
File: tc-pdftex.def 2012/05/13 v1.0 Clipping driver for pdftex
))
\adjbox@Width=\dimen159
\adjbox@Height=\dimen160
\adjbox@Depth=\dimen161
\adjbox@Totalheight=\dimen162

(/usr/share/texlive/texmf-dist/tex/latex/ifoddpage/ifoddpage.sty
Package: ifoddpage 2011/09/13 v1.0 Conditionals for odd/even page detection
\c@checkoddpage=\count134
)
(/usr/share/texlive/texmf-dist/tex/latex/varwidth/varwidth.sty
Package: varwidth 2009/03/30 ver 0.92;  Variable-width minipages
\@vwid@box=\box41
\sift@deathcycles=\count135
\@vwid@loff=\dimen163
\@vwid@roff=\dimen164
))
\@indexfile=\write3
\openout3 = `theopraxtcc.idx'.


Writing index file theopraxtcc.idx
(./theopraxtcc.aux (./Others/FolhaRosto.aux) (./Others/resumo.aux)
(./Others/abstract.aux) (./Chapters/ChapterOne.aux) (./Chapters/ChapterTwo.aux)
(./Chapters/ChapterThree.aux

LaTeX Warning: Label `FuncAquisition' multiply defined.

) (./Chapters/ChapterFour.aux

LaTeX Warning: Label `fig:lepton' multiply defined.


LaTeX Warning: Label `fig:framemsg' multiply defined.


LaTeX Warning: Label `fig:frame_esque' multiply defined.


LaTeX Warning: Label `fig:ez1' multiply defined.


LaTeX Warning: Label `fig:E18-D80NK' multiply defined.


LaTeX Warning: Label `fig:batt_protocol' multiply defined.


LaTeX Warning: Label `fig:LM35' multiply defined.


LaTeX Warning: Label `fig:GPS' multiply defined.


LaTeX Warning: Label `fig:IMU' multiply defined.


LaTeX Warning: Label `sec:rosinte' multiply defined.


LaTeX Warning: Label `fig:battprotocol2' multiply defined.


LaTeX Warning: Label `imgproc' multiply defined.

) (./Chapters/ChapterConsideracoesfinais.aux) (./Appendices/qfd.aux)
(./Appendices/diagmec.aux) (./Appendices/diagele.aux)
(./Appendices/wireframes.aux) (./Appendices/logbook.aux) (./Appendices/bom.aux)
(./Others/ultimafolha.aux))
\openout1 = `theopraxtcc.aux'.

LaTeX Font Info:    Checking defaults for OML/cmm/m/it on input line 169.
LaTeX Font Info:    ... okay on input line 169.
LaTeX Font Info:    Checking defaults for T1/cmr/m/n on input line 169.
LaTeX Font Info:    ... okay on input line 169.
LaTeX Font Info:    Checking defaults for OT1/cmr/m/n on input line 169.
LaTeX Font Info:    ... okay on input line 169.
LaTeX Font Info:    Checking defaults for OMS/cmsy/m/n on input line 169.
LaTeX Font Info:    ... okay on input line 169.
LaTeX Font Info:    Checking defaults for OMX/cmex/m/n on input line 169.
LaTeX Font Info:    ... okay on input line 169.
LaTeX Font Info:    Checking defaults for U/cmr/m/n on input line 169.
LaTeX Font Info:    ... okay on input line 169.
LaTeX Font Info:    Checking defaults for PD1/pdf/m/n on input line 169.
LaTeX Font Info:    ... okay on input line 169.
LaTeX Font Info:    Checking defaults for LY/yfrak/m/n on input line 169.
LaTeX Font Info:    ... okay on input line 169.
LaTeX Font Info:    Checking defaults for LYG/ygoth/m/n on input line 169.
LaTeX Font Info:    ... okay on input line 169.

(/usr/share/texlive/texmf-dist/tex/context/base/supp-pdf.mkii
[Loading MPS to PDF converter (version 2006.09.02).]
\scratchcounter=\count136
\scratchdimen=\dimen165
\scratchbox=\box42
\nofMPsegments=\count137
\nofMParguments=\count138
\everyMPshowfont=\toks39
\MPscratchCnt=\count139
\MPscratchDim=\dimen166
\MPnumerator=\count140
\makeMPintoPDFobject=\count141
\everyMPtoPDFconversion=\toks40
) (/usr/share/texlive/texmf-dist/tex/latex/oberdiek/epstopdf-base.sty
Package: epstopdf-base 2010/02/09 v2.5 Base part for package epstopdf

(/usr/share/texlive/texmf-dist/tex/latex/oberdiek/grfext.sty
Package: grfext 2010/08/19 v1.1 Manage graphics extensions (HO)
)
Package grfext Info: Graphics extension search list:
(grfext)             [.png,.jpg,.mps,.pdf,.eps]
(grfext)             \AppendGraphicsExtensions on input line 452.

(/usr/share/texlive/texmf-dist/tex/latex/latexconfig/epstopdf-sys.cfg
File: epstopdf-sys.cfg 2010/07/13 v1.3 Configuration of (r)epstopdf for TeX Liv
e
))
\AtBeginShipoutBox=\box43
Package hyperref Info: Link coloring ON on input line 169.

(/usr/share/texlive/texmf-dist/tex/latex/hyperref/nameref.sty
Package: nameref 2012/10/27 v2.43 Cross-referencing by name of section

(/usr/share/texlive/texmf-dist/tex/generic/oberdiek/gettitlestring.sty
Package: gettitlestring 2010/12/03 v1.4 Cleanup title references (HO)
)
\c@section@level=\count142
)
LaTeX Info: Redefining \ref on input line 169.
LaTeX Info: Redefining \pageref on input line 169.
LaTeX Info: Redefining \nameref on input line 169.

(./theopraxtcc.out) (./theopraxtcc.out)
\@outlinefile=\write4
\openout4 = `theopraxtcc.out'.


ABD: EverySelectfont initializing macros
LaTeX Info: Redefining \selectfont on input line 169.

*geometry* driver: auto-detecting
*geometry* detected driver: pdftex
*geometry* verbose mode - [ preamble ] result:
* driver: pdftex
* paper: <default>
* layout: <same size as paper>
* layoutoffset:(h,v)=(0.0pt,0.0pt)
* modes: 
* h-part:(L,W,R)=(85.35826pt, 455.24411pt, 56.9055pt)
* v-part:(T,H,B)=(85.35826pt, 702.78308pt, 56.9055pt)
* \paperwidth=597.50787pt
* \paperheight=845.04684pt
* \textwidth=455.24411pt
* \textheight=702.78308pt
* \oddsidemargin=13.08827pt
* \evensidemargin=13.08827pt
* \topmargin=-18.91173pt
* \headheight=12.0pt
* \headsep=20.0pt
* \topskip=11.0pt
* \footskip=30.0pt
* \marginparwidth=0.0pt
* \marginparsep=0.0pt
* \columnsep=10.0pt
* \skip\footins=10.0pt plus 4.0pt minus 2.0pt
* \hoffset=0.0pt
* \voffset=0.0pt
* \mag=1000
* \@twocolumnfalse
* \@twosidefalse
* \@mparswitchfalse
* \@reversemarginfalse
* (1in=72.27pt=25.4mm, 1cm=28.453pt)

(/usr/share/texlive/texmf-dist/tex/latex/oberdiek/pdflscape.sty
Package: pdflscape 2008/08/11 v0.10 Display of landscape pages in PDF (HO)
Package pdflscape Info: Auto-detected driver: pdftex on input line 80.
)
Package caption Info: Begin \AtBeginDocument code.
Package caption Info: End \AtBeginDocument code.

<Figures/LogoFIEBSENAI.png, id=301, 654.2844pt x 207.4149pt>
File: Figures/LogoFIEBSENAI.png Graphic file (type png)

<use Figures/LogoFIEBSENAI.png>
Package pdftex.def Info: Figures/LogoFIEBSENAI.png used on input line 206.
(pdftex.def)             Requested size: 196.28682pt x 62.22495pt.
 [1

{/var/lib/texmf/fonts/map/pdftex/updmap/pdftex.map} <./Figures/LogoFIEBSENAI.pn
g>]
\openout2 = `Others/FolhaRosto.aux'.

 (./Others/FolhaRosto.tex
Underfull \hbox (badness 10000) in paragraph at lines 9--14

 []


Underfull \hbox (badness 10000) in paragraph at lines 9--14

 []


Underfull \hbox (badness 10000) in paragraph at lines 9--14

 []


Underfull \hbox (badness 10000) in paragraph at lines 9--14

 []


Underfull \hbox (badness 10000) in paragraph at lines 9--14

 []


Underfull \hbox (badness 10000) in paragraph at lines 19--22

 []


Underfull \hbox (badness 10000) in paragraph at lines 19--22

 []


Underfull \hbox (badness 10000) in paragraph at lines 19--22

 []


Underfull \hbox (badness 10000) in paragraph at lines 49--54

 []


Underfull \hbox (badness 10000) in paragraph at lines 49--54

 []


Underfull \hbox (badness 10000) in paragraph at lines 49--54

 []


Underfull \hbox (badness 10000) in paragraph at lines 49--54

 []

) [2

]
\openout2 = `Others/resumo.aux'.

 (./Others/resumo.tex
Underfull \hbox (badness 10000) in paragraph at lines 4--5

 []

) [1


]
\openout2 = `Others/abstract.aux'.

 (./Others/abstract.tex
Underfull \hbox (badness 10000) in paragraph at lines 4--5

 []

) [2


] (./theopraxtcc.toc
LaTeX Font Info:    Try loading font information for U+msa on input line 4.

(/usr/share/texlive/texmf-dist/tex/latex/amsfonts/umsa.fd
File: umsa.fd 2013/01/14 v3.01 AMS symbols A
)
LaTeX Font Info:    Try loading font information for U+msb on input line 4.

(/usr/share/texlive/texmf-dist/tex/latex/amsfonts/umsb.fd
File: umsb.fd 2013/01/14 v3.01 AMS symbols B
) [3


])
\tf@toc=\write5
\openout5 = `theopraxtcc.toc'.



Package Fancyhdr Warning: \headheight is too small (12.0pt): 
 Make it at least 13.07225pt.
 We now make it that large for the rest of the document.
 This may cause the page layout to be inconsistent, however.

[4] (./theopraxtcc.lot)
\tf@lot=\write6
\openout6 = `theopraxtcc.lot'.

 [5

] (./theopraxtcc.lof [6

])
\tf@lof=\write7
\openout7 = `theopraxtcc.lof'.

 [7]
\openout2 = `Chapters/ChapterOne.aux'.


(./Chapters/ChapterOne.tex
Cap\'{\i }tulo 1.
LaTeX Font Info:    Try loading font information for OMS+cmr on input line 63.
(/usr/share/texlive/texmf-dist/tex/latex/base/omscmr.fd
File: omscmr.fd 2014/09/29 v2.5h Standard LaTeX font definitions
)
LaTeX Font Info:    Font shape `OMS/cmr/m/n' in size <12> not available
(Font)              Font shape `OMS/cmsy/m/n' tried instead on input line 63.
pdfTeX warning (ext4): destination with the same identifier (name{page.1}) has 
been already used, duplicate ignored
<to be read again> 
                   \relax 
l.109     	\item{
                 \textbf{Disponibilizar os videos dos eventos}}: A inspeçã...
[1


]
Overfull \hbox (3.2862pt too wide) in paragraph at lines 112--113
\OT1/cmr/m/n/12 prot^^Sotipo deve ser mo-ni-to-rada para ga-ran-tir a se-gu-ran
^^Xca dos equi-pa-men-tos eletr^onicos
 []

)pdfTeX warning (ext4): destination with the same identifier (name{page.2}) has
 been already used, duplicate ignored
<to be read again> 
                   \relax 
l.236     \include{Chapters/ChapterOne}
                                        [2]
\openout2 = `Chapters/ChapterTwo.aux'.

 (./Chapters/ChapterTwo.tex
Cap\'{\i }tulo 2.

LaTeX Warning: Citation `Fitzpatrick' on page 3 undefined on input line 16.


LaTeX Warning: Citation `perc_michaelis' on page 3 undefined on input line 21.


LaTeX Warning: Citation `chuck' on page 3 undefined on input line 23.

<Figures/ArquiteturaPerceptionv2.png, id=524, 1305.87875pt x 611.28375pt>
File: Figures/ArquiteturaPerceptionv2.png Graphic file (type png)

<use Figures/ArquiteturaPerceptionv2.png>
Package pdftex.def Info: Figures/ArquiteturaPerceptionv2.png used on input line
 497.
(pdftex.def)             Requested size: 426.79134pt x 199.77483pt.


Package hyperref Warning: Difference (2) between bookmark levels is greater 
(hyperref)                than one, level fixed on input line 505.

[3



] <Figures/ArquiteturadeSoftware.png, id=530, 593.21625pt x 395.4775pt>
File: Figures/ArquiteturadeSoftware.png Graphic file (type png)

<use Figures/ArquiteturadeSoftware.png>
Package pdftex.def Info: Figures/ArquiteturadeSoftware.png used on input line 5
21.
(pdftex.def)             Requested size: 426.79134pt x 284.5384pt.


LaTeX Warning: `h' float specifier changed to `ht'.


Package hyperref Warning: Difference (2) between bookmark levels is greater 
(hyperref)                than one, level fixed on input line 526.


Overfull \hbox (3.19173pt too wide) in paragraph at lines 528--529
[]\OT1/cmr/m/n/12 A ca-mada de \OT1/cmr/m/it/12 Dri-ver Layer \OT1/cmr/m/n/12 e
st^^Sa di-re-ta-mente re-la-ci-o-nada a fun-ci-o-na-li-dade de aquisi^^Xc~ao
 []

[4 <./Figures/ArquiteturaPerceptionv2.png>] [5 <./Figures/ArquiteturadeSoftware
.png>] [6]) [7]
\openout2 = `Chapters/ChapterThree.aux'.

 (./Chapters/ChapterThree.tex
Cap\'{\i }tulo 3.
<Figures/diagrama_proj.jpg, id=555, 964.60374pt x 439.6425pt>
File: Figures/diagrama_proj.jpg Graphic file (type jpg)

<use Figures/diagrama_proj.jpg>
Package pdftex.def Info: Figures/diagrama_proj.jpg used on input line 7.
(pdftex.def)             Requested size: 455.24408pt x 207.48396pt.
 [8



 <./Figures/diagrama_proj.jpg>]
Overfull \hbox (3.2862pt too wide) in paragraph at lines 27--28
\OT1/cmr/m/n/12 prot^^Sotipo deve ser mo-ni-to-rada para ga-ran-tir a se-gu-ran
^^Xca dos equi-pa-men-tos eletr^onicos
 []

<Figures/lista_materiais.png, id=561, 839.135pt x 278.03876pt>
File: Figures/lista_materiais.png Graphic file (type png)

<use Figures/lista_materiais.png>
Package pdftex.def Info: Figures/lista_materiais.png used on input line 38.
(pdftex.def)             Requested size: 455.24408pt x 150.8387pt.


LaTeX Warning: `h' float specifier changed to `ht'.

[9] [10 <./Figures/lista_materiais.png>] [11]
<Figures/Fluxograma_Aquisition.jpg, id=576, 1941.2525pt x 1106.1325pt>
File: Figures/Fluxograma_Aquisition.jpg Graphic file (type jpg)

<use Figures/Fluxograma_Aquisition.jpg>
Package pdftex.def Info: Figures/Fluxograma_Aquisition.jpg used on input line 8
8.
(pdftex.def)             Requested size: 398.34442pt x 199.16277pt.
 [12 <./Figures/Fluxograma_Aquisition.jpg>] <Figures/criticidade.jpg, id=581, 4
82.80376pt x 201.75375pt>
File: Figures/criticidade.jpg Graphic file (type jpg)

<use Figures/criticidade.jpg>
Package pdftex.def Info: Figures/criticidade.jpg used on input line 103.
(pdftex.def)             Requested size: 398.35486pt x 199.17038pt.
 [13 <./Figures/criticidade.jpg>]
Overfull \hbox (2.70169pt too wide) in paragraph at lines 131--132
[]\OT1/cmr/m/it/12 Thermal Image Data Mes-sage\OT1/cmr/m/n/12 : Men-sa-gem ex-c
lu-siva para os da-dos da c^amera t^^Sermica. 
 []

<Figures/Fluxograma_Localization.png, id=587, 910.40125pt x 131.49126pt>
File: Figures/Fluxograma_Localization.png Graphic file (type png)

<use Figures/Fluxograma_Localization.png>
Package pdftex.def Info: Figures/Fluxograma_Localization.png used on input line
 146.
(pdftex.def)             Requested size: 455.24408pt x 65.75348pt.
 [14 <./Figures/Fluxograma_Localization.png>] [15]
<Figures/Fluxograma_Detection.png, id=597, 1081.03876pt x 442.65375pt>
File: Figures/Fluxograma_Detection.png Graphic file (type png)

<use Figures/Fluxograma_Detection.png>
Package pdftex.def Info: Figures/Fluxograma_Detection.png used on input line 19
5.
(pdftex.def)             Requested size: 455.24408pt x 186.40636pt.
 [16 <./Figures/Fluxograma_Detection.png>]

LaTeX Warning: Citation `groupgets' on page 17 undefined on input line 216.

<Figures/lepton_flir.jpg, id=605, 144.54pt x 144.54pt>
File: Figures/lepton_flir.jpg Graphic file (type jpg)

<use Figures/lepton_flir.jpg>
Package pdftex.def Info: Figures/lepton_flir.jpg used on input line 220.
(pdftex.def)             Requested size: 170.71652pt x 170.72551pt.

<Figures/frame_msg.png, id=606, 492.84125pt x 74.2775pt>
File: Figures/frame_msg.png Graphic file (type png)

<use Figures/frame_msg.png>
Package pdftex.def Info: Figures/frame_msg.png used on input line 229.
(pdftex.def)             Requested size: 398.33858pt x 60.03749pt.
 [17 <./Figures/lepton_flir.jpg>]
<Figures/frame_esque.png, id=612, 402.50375pt x 319.1925pt>
File: Figures/frame_esque.png Graphic file (type png)

<use Figures/frame_esque.png>
Package pdftex.def Info: Figures/frame_esque.png used on input line 240.
(pdftex.def)             Requested size: 284.52756pt x 225.63467pt.
 [18 <./Figures/frame_msg.png> <./Figures/frame_esque.png>] <Figures/ez1.jpg, i
d=620, 879.285pt x 793.46437pt>
File: Figures/ez1.jpg Graphic file (type jpg)

<use Figures/ez1.jpg>
Package pdftex.def Info: Figures/ez1.jpg used on input line 257.
(pdftex.def)             Requested size: 227.62204pt x 205.39993pt.

<Figures/proximity_sensor.jpg, id=621, 803.0pt x 497.86pt>
File: Figures/proximity_sensor.jpg Graphic file (type jpg)

<use Figures/proximity_sensor.jpg>
Package pdftex.def Info: Figures/proximity_sensor.jpg used on input line 274.
(pdftex.def)             Requested size: 227.62204pt x 141.1243pt.
 [19 <./Figures/ez1.jpg>]
<Figures/batt_protocol.png, id=626, 1073.00874pt x 163.61125pt>
File: Figures/batt_protocol.png Graphic file (type png)

<use Figures/batt_protocol.png>
Package pdftex.def Info: Figures/batt_protocol.png used on input line 289.
(pdftex.def)             Requested size: 455.24408pt x 69.41527pt.

<Figures/lm35.jpg, id=627, 652.4375pt x 652.4375pt>
File: Figures/lm35.jpg Graphic file (type jpg)
 <use Figures/lm35.jpg>
Package pdftex.def Info: Figures/lm35.jpg used on input line 306.
(pdftex.def)             Requested size: 170.71652pt x 170.71487pt.

[20 <./Figures/proximity_sensor.jpg> <./Figures/batt_protocol.png>]
<Figures/gps.jpg, id=633, 622.325pt x 359.3425pt>
File: Figures/gps.jpg Graphic file (type jpg)
 <use Figures/gps.jpg>
Package pdftex.def Info: Figures/gps.jpg used on input line 321.
(pdftex.def)             Requested size: 170.71652pt x 98.57549pt.

<Figures/imu.jpg, id=634, 642.4pt x 642.4pt>
File: Figures/imu.jpg Graphic file (type jpg)
 <use Figures/imu.jpg>
Package pdftex.def Info: Figures/imu.jpg used on input line 336.
(pdftex.def)             Requested size: 227.62204pt x 227.6174pt.
 [21 <./Figures/lm35.jpg> <./Figures/gps.jpg>] [22 <./Figures/imu.jpg>]
<Figures/batt_protocol_2.png, id=644, 666.49pt x 93.34875pt>
File: Figures/batt_protocol_2.png Graphic file (type png)

<use Figures/batt_protocol_2.png>
Package pdftex.def Info: Figures/batt_protocol_2.png used on input line 367.
(pdftex.def)             Requested size: 455.24408pt x 63.7626pt.
 [23 <./Figures/batt_protocol_2.png>]
<Figures/image_proc.png, id=650, 584.1825pt x 463.7325pt>
File: Figures/image_proc.png Graphic file (type png)

<use Figures/image_proc.png>
Package pdftex.def Info: Figures/image_proc.png used on input line 395.
(pdftex.def)             Requested size: 398.33858pt x 316.21841pt.


LaTeX Warning: Citation `ethz' on page 24 undefined on input line 401.

[24 <./Figures/image_proc.png>] [25]

LaTeX Warning: Reference `Prateleiracsensor' on page 26 undefined on input line
 454.

<Figures/prateleira.png, id=661, 961.5925pt x 512.91624pt>
File: Figures/prateleira.png Graphic file (type png)

<use Figures/prateleira.png>
Package pdftex.def Info: Figures/prateleira.png used on input line 458.
(pdftex.def)             Requested size: 398.33858pt x 212.4806pt.

<Figures/pecadebaixo.png, id=663, 1048.91875pt x 655.44875pt>
File: Figures/pecadebaixo.png Graphic file (type png)

<use Figures/pecadebaixo.png>
Package pdftex.def Info: Figures/pecadebaixo.png used on input line 473.
(pdftex.def)             Requested size: 398.33858pt x 248.91309pt.
 [26 <./Figures/prateleira.png>] [27 <./Figures/pecadebaixo.png>]) [28]
\openout2 = `Chapters/ChapterFour.aux'.

 (./Chapters/ChapterFour.tex
Cap\'{\i }tulo 4.

LaTeX Warning: Citation `groupgets' on page 29 undefined on input line 14.

File: Figures/lepton_flir.jpg Graphic file (type jpg)
<use Figures/lepton_flir.jpg>
Package pdftex.def Info: Figures/lepton_flir.jpg used on input line 18.
(pdftex.def)             Requested size: 170.71652pt x 170.72551pt.
File: Figures/frame_msg.png Graphic file (type png)
 <use Figures/frame_msg.png>
Package pdftex.def Info: Figures/frame_msg.png used on input line 27.
(pdftex.def)             Requested size: 398.33858pt x 60.03749pt.
 [29



]
File: Figures/frame_esque.png Graphic file (type png)

<use Figures/frame_esque.png>
Package pdftex.def Info: Figures/frame_esque.png used on input line 38.
(pdftex.def)             Requested size: 284.52756pt x 225.63467pt.
 [30]
File: Figures/ez1.jpg Graphic file (type jpg)
 <use Figures/ez1.jpg>
Package pdftex.def Info: Figures/ez1.jpg used on input line 54.
(pdftex.def)             Requested size: 227.62204pt x 205.39993pt.
File: Figures/proximity_sensor.jpg Graphic file (type jpg)

<use Figures/proximity_sensor.jpg>
Package pdftex.def Info: Figures/proximity_sensor.jpg used on input line 70.
(pdftex.def)             Requested size: 227.62204pt x 141.1243pt.
 [31]
File: Figures/batt_protocol.png Graphic file (type png)
 <use Figures/batt_protocol.png>
Package pdftex.def Info: Figures/batt_protocol.png used on input line 85.
(pdftex.def)             Requested size: 455.24408pt x 69.41527pt.
File: Figures/lm35.jpg Graphic file (type jpg)

<use Figures/lm35.jpg>
Package pdftex.def Info: Figures/lm35.jpg used on input line 102.
(pdftex.def)             Requested size: 170.71652pt x 170.71487pt.
 [32]
File: Figures/gps.jpg Graphic file (type jpg)
 <use Figures/gps.jpg>
Package pdftex.def Info: Figures/gps.jpg used on input line 117.
(pdftex.def)             Requested size: 170.71652pt x 98.57549pt.
 [33]
File: Figures/imu.jpg Graphic file (type jpg)
 <use Figures/imu.jpg>
Package pdftex.def Info: Figures/imu.jpg used on input line 132.
(pdftex.def)             Requested size: 227.62204pt x 227.6174pt.

[34]
File: Figures/batt_protocol_2.png Graphic file (type png)
 <use Figures/batt_protocol_2.png>
Package pdftex.def Info: Figures/batt_protocol_2.png used on input line 162.
(pdftex.def)             Requested size: 455.24408pt x 63.7626pt.
 [35]
File: Figures/image_proc.png Graphic file (type png)
 <use Figures/image_proc.png>
Package pdftex.def Info: Figures/image_proc.png used on input line 190.
(pdftex.def)             Requested size: 398.33858pt x 316.21841pt.


LaTeX Warning: Citation `ethz' on page 36 undefined on input line 196.

[36]) [37]
\openout2 = `Chapters/ChapterConsideracoesfinais.aux'.

 (./Chapters/ChapterConsideracoesfinais.tex
Cap\'{\i }tulo 5.
) [38



]
\openout2 = `Appendices/qfd.aux'.

 (./Appendices/qfd.tex
Ap\^endice A.
<Appendices/elirqfd20180710cxtA3.pdf, id=725, 1195.0156pt x 845.1575pt>
File: Appendices/elirqfd20180710cxtA3.pdf Graphic file (type pdf)

<use Appendices/elirqfd20180710cxtA3.pdf>
Package pdftex.def Info: Appendices/elirqfd20180710cxtA3.pdf used on input line
 6.
(pdftex.def)             Requested size: 1195.0127pt x 845.15544pt.
File: Appendices/elirqfd20180710cxtA3.pdf Graphic file (type pdf)

<use Appendices/elirqfd20180710cxtA3.pdf>
Package pdftex.def Info: Appendices/elirqfd20180710cxtA3.pdf used on input line
 6.
(pdftex.def)             Requested size: 1195.0127pt x 845.15544pt.
File: Appendices/elirqfd20180710cxtA3.pdf Graphic file (type pdf)

<use Appendices/elirqfd20180710cxtA3.pdf>
Package pdftex.def Info: Appendices/elirqfd20180710cxtA3.pdf used on input line
 6.
(pdftex.def)             Requested size: 1195.0127pt x 845.15544pt.

<Appendices/elirqfd20180710cxtA3.pdf, id=729, page=1, 1195.0156pt x 845.1575pt>
File: Appendices/elirqfd20180710cxtA3.pdf Graphic file (type pdf)
<use Appendices/elirqfd20180710cxtA3.pdf, page 1>
Package pdftex.def Info: Appendices/elirqfd20180710cxtA3.pdf, page1 used on inp
ut line 6.
(pdftex.def)             Requested size: 1195.0127pt x 845.15544pt.
File: Appendices/elirqfd20180710cxtA3.pdf Graphic file (type pdf)

<use Appendices/elirqfd20180710cxtA3.pdf, page 1>
Package pdftex.def Info: Appendices/elirqfd20180710cxtA3.pdf, page1 used on inp
ut line 6.
(pdftex.def)             Requested size: 845.00249pt x 597.61578pt.
 [39



]
File: Appendices/elirqfd20180710cxtA3.pdf Graphic file (type pdf)

<use Appendices/elirqfd20180710cxtA3.pdf, page 1>
Package pdftex.def Info: Appendices/elirqfd20180710cxtA3.pdf, page1 used on inp
ut line 6.
(pdftex.def)             Requested size: 845.00249pt x 597.61578pt.
File: Appendices/elirqfd20180710cxtA3.pdf Graphic file (type pdf)

<use Appendices/elirqfd20180710cxtA3.pdf, page 1>
Package pdftex.def Info: Appendices/elirqfd20180710cxtA3.pdf, page1 used on inp
ut line 6.
(pdftex.def)             Requested size: 845.00249pt x 597.61578pt.
 [40]
File: Appendices/elirqfd20180710cxtA3.pdf Graphic file (type pdf)

<use Appendices/elirqfd20180710cxtA3.pdf, page 1>
Package pdftex.def Info: Appendices/elirqfd20180710cxtA3.pdf, page1 used on inp
ut line 6.
(pdftex.def)             Requested size: 845.00249pt x 597.61578pt.
File: Appendices/elirqfd20180710cxtA3.pdf Graphic file (type pdf)

<use Appendices/elirqfd20180710cxtA3.pdf, page 1>
Package pdftex.def Info: Appendices/elirqfd20180710cxtA3.pdf, page1 used on inp
ut line 6.
(pdftex.def)             Requested size: 845.00249pt x 597.61578pt.
File: Appendices/elirqfd20180710cxtA3.pdf Graphic file (type pdf)

<use Appendices/elirqfd20180710cxtA3.pdf, page 1>
Package pdftex.def Info: Appendices/elirqfd20180710cxtA3.pdf, page1 used on inp
ut line 6.
(pdftex.def)             Requested size: 845.00249pt x 597.61578pt.
 [41 <./Appendices/elirqfd20180710cxtA3.pdf>]
<Appendices/elirqfd20180710txf.pdf, id=844, 597.50786pt x 845.04686pt>
File: Appendices/elirqfd20180710txf.pdf Graphic file (type pdf)

<use Appendices/elirqfd20180710txf.pdf>
Package pdftex.def Info: Appendices/elirqfd20180710txf.pdf used on input line 7
.
(pdftex.def)             Requested size: 597.5064pt x 845.0448pt.
File: Appendices/elirqfd20180710txf.pdf Graphic file (type pdf)

<use Appendices/elirqfd20180710txf.pdf>
Package pdftex.def Info: Appendices/elirqfd20180710txf.pdf used on input line 7
.
(pdftex.def)             Requested size: 597.5064pt x 845.0448pt.
File: Appendices/elirqfd20180710txf.pdf Graphic file (type pdf)

<use Appendices/elirqfd20180710txf.pdf>
Package pdftex.def Info: Appendices/elirqfd20180710txf.pdf used on input line 7
.
(pdftex.def)             Requested size: 597.5064pt x 845.0448pt.

<Appendices/elirqfd20180710txf.pdf, id=848, page=1, 597.50786pt x 845.04686pt>
File: Appendices/elirqfd20180710txf.pdf Graphic file (type pdf)

<use Appendices/elirqfd20180710txf.pdf, page 1>
Package pdftex.def Info: Appendices/elirqfd20180710txf.pdf, page1 used on input
 line 7.
(pdftex.def)             Requested size: 597.5064pt x 845.0448pt.
File: Appendices/elirqfd20180710txf.pdf Graphic file (type pdf)

<use Appendices/elirqfd20180710txf.pdf, page 1>
Package pdftex.def Info: Appendices/elirqfd20180710txf.pdf, page1 used on input
 line 7.
(pdftex.def)             Requested size: 597.53374pt x 845.08348pt.
File: Appendices/elirqfd20180710txf.pdf Graphic file (type pdf)

<use Appendices/elirqfd20180710txf.pdf, page 1>
Package pdftex.def Info: Appendices/elirqfd20180710txf.pdf, page1 used on input
 line 7.
(pdftex.def)             Requested size: 597.53374pt x 845.08348pt.
File: Appendices/elirqfd20180710txf.pdf Graphic file (type pdf)

<use Appendices/elirqfd20180710txf.pdf, page 1>
Package pdftex.def Info: Appendices/elirqfd20180710txf.pdf, page1 used on input
 line 7.
(pdftex.def)             Requested size: 597.53374pt x 845.08348pt.
 [42]
File: Appendices/elirqfd20180710txf.pdf Graphic file (type pdf)

<use Appendices/elirqfd20180710txf.pdf, page 1>
Package pdftex.def Info: Appendices/elirqfd20180710txf.pdf, page1 used on input
 line 7.
(pdftex.def)             Requested size: 597.53374pt x 845.08348pt.
File: Appendices/elirqfd20180710txf.pdf Graphic file (type pdf)

<use Appendices/elirqfd20180710txf.pdf, page 1>
Package pdftex.def Info: Appendices/elirqfd20180710txf.pdf, page1 used on input
 line 7.
(pdftex.def)             Requested size: 597.53374pt x 845.08348pt.
File: Appendices/elirqfd20180710txf.pdf Graphic file (type pdf)

<use Appendices/elirqfd20180710txf.pdf, page 1>
Package pdftex.def Info: Appendices/elirqfd20180710txf.pdf, page1 used on input
 line 7.
(pdftex.def)             Requested size: 597.53374pt x 845.08348pt.
 [43 <./Appendices/elirqfd20180710txf.pdf>])
\openout2 = `Appendices/diagmec.aux'.

 (./Appendices/diagmec.tex
Ap\^endice B.
<Appendices/desenhosmeca.pdf, id=909, 597.50786pt x 845.04686pt>
File: Appendices/desenhosmeca.pdf Graphic file (type pdf)

<use Appendices/desenhosmeca.pdf>
Package pdftex.def Info: Appendices/desenhosmeca.pdf used on input line 6.
(pdftex.def)             Requested size: 597.5064pt x 845.0448pt.
File: Appendices/desenhosmeca.pdf Graphic file (type pdf)
 <use Appendices/desenhosmeca.pdf>
Package pdftex.def Info: Appendices/desenhosmeca.pdf used on input line 6.
(pdftex.def)             Requested size: 597.5064pt x 845.0448pt.
File: Appendices/desenhosmeca.pdf Graphic file (type pdf)

<use Appendices/desenhosmeca.pdf>
Package pdftex.def Info: Appendices/desenhosmeca.pdf used on input line 6.
(pdftex.def)             Requested size: 597.5064pt x 845.0448pt.

<Appendices/desenhosmeca.pdf, id=913, page=1, 597.50786pt x 845.04686pt>
File: Appendices/desenhosmeca.pdf Graphic file (type pdf)

<use Appendices/desenhosmeca.pdf, page 1>
Package pdftex.def Info: Appendices/desenhosmeca.pdf, page1 used on input line 
6.
(pdftex.def)             Requested size: 597.5064pt x 845.0448pt.
File: Appendices/desenhosmeca.pdf Graphic file (type pdf)

<use Appendices/desenhosmeca.pdf, page 1>
Package pdftex.def Info: Appendices/desenhosmeca.pdf, page1 used on input line 
6.
(pdftex.def)             Requested size: 597.53374pt x 845.08348pt.
 [44



]
File: Appendices/desenhosmeca.pdf Graphic file (type pdf)

<use Appendices/desenhosmeca.pdf, page 1>
Package pdftex.def Info: Appendices/desenhosmeca.pdf, page1 used on input line 
6.
(pdftex.def)             Requested size: 597.53374pt x 845.08348pt.
File: Appendices/desenhosmeca.pdf Graphic file (type pdf)

<use Appendices/desenhosmeca.pdf, page 1>
Package pdftex.def Info: Appendices/desenhosmeca.pdf, page1 used on input line 
6.
(pdftex.def)             Requested size: 597.53374pt x 845.08348pt.
 [45]
File: Appendices/desenhosmeca.pdf Graphic file (type pdf)

<use Appendices/desenhosmeca.pdf, page 1>
Package pdftex.def Info: Appendices/desenhosmeca.pdf, page1 used on input line 
6.
(pdftex.def)             Requested size: 597.53374pt x 845.08348pt.
File: Appendices/desenhosmeca.pdf Graphic file (type pdf)

<use Appendices/desenhosmeca.pdf, page 1>
Package pdftex.def Info: Appendices/desenhosmeca.pdf, page1 used on input line 
6.
(pdftex.def)             Requested size: 597.53374pt x 845.08348pt.
File: Appendices/desenhosmeca.pdf Graphic file (type pdf)

<use Appendices/desenhosmeca.pdf, page 1>
Package pdftex.def Info: Appendices/desenhosmeca.pdf, page1 used on input line 
6.
(pdftex.def)             Requested size: 597.53374pt x 845.08348pt.
 [46 <./Appendices/desenhosmeca.pdf>]
<Appendices/desenhosmeca.pdf, id=941, page=2, 597.50786pt x 845.04686pt>
File: Appendices/desenhosmeca.pdf Graphic file (type pdf)

<use Appendices/desenhosmeca.pdf, page 2>
Package pdftex.def Info: Appendices/desenhosmeca.pdf, page2 used on input line 
6.
(pdftex.def)             Requested size: 597.53374pt x 845.08348pt.
File: Appendices/desenhosmeca.pdf Graphic file (type pdf)

<use Appendices/desenhosmeca.pdf, page 2>
Package pdftex.def Info: Appendices/desenhosmeca.pdf, page2 used on input line 
6.
(pdftex.def)             Requested size: 597.53374pt x 845.08348pt.
File: Appendices/desenhosmeca.pdf Graphic file (type pdf)

<use Appendices/desenhosmeca.pdf, page 2>
Package pdftex.def Info: Appendices/desenhosmeca.pdf, page2 used on input line 
6.
(pdftex.def)             Requested size: 597.53374pt x 845.08348pt.
 [47 <./Appendices/desenhosmeca.pdf>]
<Appendices/desenhosmeca.pdf, id=948, page=3, 597.50786pt x 845.04686pt>
File: Appendices/desenhosmeca.pdf Graphic file (type pdf)

<use Appendices/desenhosmeca.pdf, page 3>
Package pdftex.def Info: Appendices/desenhosmeca.pdf, page3 used on input line 
6.
(pdftex.def)             Requested size: 597.53374pt x 845.08348pt.
File: Appendices/desenhosmeca.pdf Graphic file (type pdf)

<use Appendices/desenhosmeca.pdf, page 3>
Package pdftex.def Info: Appendices/desenhosmeca.pdf, page3 used on input line 
6.
(pdftex.def)             Requested size: 597.53374pt x 845.08348pt.
File: Appendices/desenhosmeca.pdf Graphic file (type pdf)

<use Appendices/desenhosmeca.pdf, page 3>
Package pdftex.def Info: Appendices/desenhosmeca.pdf, page3 used on input line 
6.
(pdftex.def)             Requested size: 597.53374pt x 845.08348pt.
 [48 <./Appendices/desenhosmeca.pdf>]
<Appendices/desenhosmeca.pdf, id=955, page=4, 597.50786pt x 845.04686pt>
File: Appendices/desenhosmeca.pdf Graphic file (type pdf)

<use Appendices/desenhosmeca.pdf, page 4>
Package pdftex.def Info: Appendices/desenhosmeca.pdf, page4 used on input line 
6.
(pdftex.def)             Requested size: 597.53374pt x 845.08348pt.
File: Appendices/desenhosmeca.pdf Graphic file (type pdf)

<use Appendices/desenhosmeca.pdf, page 4>
Package pdftex.def Info: Appendices/desenhosmeca.pdf, page4 used on input line 
6.
(pdftex.def)             Requested size: 597.53374pt x 845.08348pt.
File: Appendices/desenhosmeca.pdf Graphic file (type pdf)

<use Appendices/desenhosmeca.pdf, page 4>
Package pdftex.def Info: Appendices/desenhosmeca.pdf, page4 used on input line 
6.
(pdftex.def)             Requested size: 597.53374pt x 845.08348pt.
 [49 <./Appendices/desenhosmeca.pdf>]
<Appendices/desenhosmeca.pdf, id=962, page=5, 597.50786pt x 845.04686pt>
File: Appendices/desenhosmeca.pdf Graphic file (type pdf)

<use Appendices/desenhosmeca.pdf, page 5>
Package pdftex.def Info: Appendices/desenhosmeca.pdf, page5 used on input line 
6.
(pdftex.def)             Requested size: 597.53374pt x 845.08348pt.
File: Appendices/desenhosmeca.pdf Graphic file (type pdf)

<use Appendices/desenhosmeca.pdf, page 5>
Package pdftex.def Info: Appendices/desenhosmeca.pdf, page5 used on input line 
6.
(pdftex.def)             Requested size: 597.53374pt x 845.08348pt.
File: Appendices/desenhosmeca.pdf Graphic file (type pdf)

<use Appendices/desenhosmeca.pdf, page 5>
Package pdftex.def Info: Appendices/desenhosmeca.pdf, page5 used on input line 
6.
(pdftex.def)             Requested size: 597.53374pt x 845.08348pt.
 [50 <./Appendices/desenhosmeca.pdf>]
<Appendices/desenhosmeca.pdf, id=969, page=6, 597.50786pt x 845.04686pt>
File: Appendices/desenhosmeca.pdf Graphic file (type pdf)

<use Appendices/desenhosmeca.pdf, page 6>
Package pdftex.def Info: Appendices/desenhosmeca.pdf, page6 used on input line 
6.
(pdftex.def)             Requested size: 597.53374pt x 845.08348pt.
File: Appendices/desenhosmeca.pdf Graphic file (type pdf)

<use Appendices/desenhosmeca.pdf, page 6>
Package pdftex.def Info: Appendices/desenhosmeca.pdf, page6 used on input line 
6.
(pdftex.def)             Requested size: 597.53374pt x 845.08348pt.
File: Appendices/desenhosmeca.pdf Graphic file (type pdf)

<use Appendices/desenhosmeca.pdf, page 6>
Package pdftex.def Info: Appendices/desenhosmeca.pdf, page6 used on input line 
6.
(pdftex.def)             Requested size: 597.53374pt x 845.08348pt.
 [51 <./Appendices/desenhosmeca.pdf>]
<Appendices/desenhosmeca.pdf, id=976, page=7, 597.50786pt x 845.04686pt>
File: Appendices/desenhosmeca.pdf Graphic file (type pdf)

<use Appendices/desenhosmeca.pdf, page 7>
Package pdftex.def Info: Appendices/desenhosmeca.pdf, page7 used on input line 
6.
(pdftex.def)             Requested size: 597.53374pt x 845.08348pt.
File: Appendices/desenhosmeca.pdf Graphic file (type pdf)

<use Appendices/desenhosmeca.pdf, page 7>
Package pdftex.def Info: Appendices/desenhosmeca.pdf, page7 used on input line 
6.
(pdftex.def)             Requested size: 597.53374pt x 845.08348pt.
File: Appendices/desenhosmeca.pdf Graphic file (type pdf)

<use Appendices/desenhosmeca.pdf, page 7>
Package pdftex.def Info: Appendices/desenhosmeca.pdf, page7 used on input line 
6.
(pdftex.def)             Requested size: 597.53374pt x 845.08348pt.
 [52 <./Appendices/desenhosmeca.pdf>]
<Appendices/desenhosmeca.pdf, id=984, page=8, 597.50786pt x 845.04686pt>
File: Appendices/desenhosmeca.pdf Graphic file (type pdf)

<use Appendices/desenhosmeca.pdf, page 8>
Package pdftex.def Info: Appendices/desenhosmeca.pdf, page8 used on input line 
6.
(pdftex.def)             Requested size: 597.53374pt x 845.08348pt.
File: Appendices/desenhosmeca.pdf Graphic file (type pdf)

<use Appendices/desenhosmeca.pdf, page 8>
Package pdftex.def Info: Appendices/desenhosmeca.pdf, page8 used on input line 
6.
(pdftex.def)             Requested size: 597.53374pt x 845.08348pt.
File: Appendices/desenhosmeca.pdf Graphic file (type pdf)

<use Appendices/desenhosmeca.pdf, page 8>
Package pdftex.def Info: Appendices/desenhosmeca.pdf, page8 used on input line 
6.
(pdftex.def)             Requested size: 597.53374pt x 845.08348pt.
 [53 <./Appendices/desenhosmeca.pdf>]
<Appendices/desenhosmeca.pdf, id=991, page=9, 597.50786pt x 845.04686pt>
File: Appendices/desenhosmeca.pdf Graphic file (type pdf)

<use Appendices/desenhosmeca.pdf, page 9>
Package pdftex.def Info: Appendices/desenhosmeca.pdf, page9 used on input line 
6.
(pdftex.def)             Requested size: 597.53374pt x 845.08348pt.
File: Appendices/desenhosmeca.pdf Graphic file (type pdf)

<use Appendices/desenhosmeca.pdf, page 9>
Package pdftex.def Info: Appendices/desenhosmeca.pdf, page9 used on input line 
6.
(pdftex.def)             Requested size: 597.53374pt x 845.08348pt.
File: Appendices/desenhosmeca.pdf Graphic file (type pdf)

<use Appendices/desenhosmeca.pdf, page 9>
Package pdftex.def Info: Appendices/desenhosmeca.pdf, page9 used on input line 
6.
(pdftex.def)             Requested size: 597.53374pt x 845.08348pt.
 [54 <./Appendices/desenhosmeca.pdf>]
<Appendices/desenhosmeca.pdf, id=999, page=10, 597.50786pt x 845.04686pt>
File: Appendices/desenhosmeca.pdf Graphic file (type pdf)

<use Appendices/desenhosmeca.pdf, page 10>
Package pdftex.def Info: Appendices/desenhosmeca.pdf, page10 used on input line
 6.
(pdftex.def)             Requested size: 597.53374pt x 845.08348pt.
File: Appendices/desenhosmeca.pdf Graphic file (type pdf)

<use Appendices/desenhosmeca.pdf, page 10>
Package pdftex.def Info: Appendices/desenhosmeca.pdf, page10 used on input line
 6.
(pdftex.def)             Requested size: 597.53374pt x 845.08348pt.
File: Appendices/desenhosmeca.pdf Graphic file (type pdf)

<use Appendices/desenhosmeca.pdf, page 10>
Package pdftex.def Info: Appendices/desenhosmeca.pdf, page10 used on input line
 6.
(pdftex.def)             Requested size: 597.53374pt x 845.08348pt.
 [55 <./Appendices/desenhosmeca.pdf>] <Appendices/desenhosmeca.pdf, id=1006, pa
ge=11, 597.50786pt x 845.04686pt>
File: Appendices/desenhosmeca.pdf Graphic file (type pdf)

<use Appendices/desenhosmeca.pdf, page 11>
Package pdftex.def Info: Appendices/desenhosmeca.pdf, page11 used on input line
 6.
(pdftex.def)             Requested size: 597.53374pt x 845.08348pt.
File: Appendices/desenhosmeca.pdf Graphic file (type pdf)

<use Appendices/desenhosmeca.pdf, page 11>
Package pdftex.def Info: Appendices/desenhosmeca.pdf, page11 used on input line
 6.
(pdftex.def)             Requested size: 597.53374pt x 845.08348pt.
File: Appendices/desenhosmeca.pdf Graphic file (type pdf)

<use Appendices/desenhosmeca.pdf, page 11>
Package pdftex.def Info: Appendices/desenhosmeca.pdf, page11 used on input line
 6.
(pdftex.def)             Requested size: 597.53374pt x 845.08348pt.
 [56 <./Appendices/desenhosmeca.pdf>] <Appendices/desenhosmeca.pdf, id=1013, pa
ge=12, 597.50786pt x 845.04686pt>
File: Appendices/desenhosmeca.pdf Graphic file (type pdf)

<use Appendices/desenhosmeca.pdf, page 12>
Package pdftex.def Info: Appendices/desenhosmeca.pdf, page12 used on input line
 6.
(pdftex.def)             Requested size: 597.53374pt x 845.08348pt.
File: Appendices/desenhosmeca.pdf Graphic file (type pdf)

<use Appendices/desenhosmeca.pdf, page 12>
Package pdftex.def Info: Appendices/desenhosmeca.pdf, page12 used on input line
 6.
(pdftex.def)             Requested size: 597.53374pt x 845.08348pt.
File: Appendices/desenhosmeca.pdf Graphic file (type pdf)

<use Appendices/desenhosmeca.pdf, page 12>
Package pdftex.def Info: Appendices/desenhosmeca.pdf, page12 used on input line
 6.
(pdftex.def)             Requested size: 597.53374pt x 845.08348pt.
 [57 <./Appendices/desenhosmeca.pdf>] <Appendices/desenhosmeca.pdf, id=1020, pa
ge=13, 597.50786pt x 845.04686pt>
File: Appendices/desenhosmeca.pdf Graphic file (type pdf)

<use Appendices/desenhosmeca.pdf, page 13>
Package pdftex.def Info: Appendices/desenhosmeca.pdf, page13 used on input line
 6.
(pdftex.def)             Requested size: 597.53374pt x 845.08348pt.
File: Appendices/desenhosmeca.pdf Graphic file (type pdf)

<use Appendices/desenhosmeca.pdf, page 13>
Package pdftex.def Info: Appendices/desenhosmeca.pdf, page13 used on input line
 6.
(pdftex.def)             Requested size: 597.53374pt x 845.08348pt.
File: Appendices/desenhosmeca.pdf Graphic file (type pdf)

<use Appendices/desenhosmeca.pdf, page 13>
Package pdftex.def Info: Appendices/desenhosmeca.pdf, page13 used on input line
 6.
(pdftex.def)             Requested size: 597.53374pt x 845.08348pt.
 [58 <./Appendices/desenhosmeca.pdf>])
\openout2 = `Appendices/diagele.aux'.

 (./Appendices/diagele.tex
Ap\^endice C.
<Figures/EsquematicoGeral.png, id=1028, 880.79062pt x 1243.64626pt>
File: Figures/EsquematicoGeral.png Graphic file (type png)

<use Figures/EsquematicoGeral.png>
Package pdftex.def Info: Figures/EsquematicoGeral.png used on input line 8.
(pdftex.def)             Requested size: 398.33858pt x 562.44417pt.


LaTeX Warning: `h' float specifier changed to `ht'.

[59



] <Figures/EsquematicoCHARGER.png, id=1033, 622.57594pt x 880.03781pt>
File: Figures/EsquematicoCHARGER.png Graphic file (type png)

<use Figures/EsquematicoCHARGER.png>
Package pdftex.def Info: Figures/EsquematicoCHARGER.png used on input line 16.
(pdftex.def)             Requested size: 398.33858pt x 563.07457pt.


LaTeX Warning: `h' float specifier changed to `ht'.

<Figures/EsquematicoPMB.png, id=1034, 622.57594pt x 880.03781pt>
File: Figures/EsquematicoPMB.png Graphic file (type png)

<use Figures/EsquematicoPMB.png>
Package pdftex.def Info: Figures/EsquematicoPMB.png used on input line 24.
(pdftex.def)             Requested size: 398.33858pt x 563.07457pt.


LaTeX Warning: `h' float specifier changed to `ht'.

<Figures/EsquematicoNUC.png, id=1035, 622.57594pt x 880.03781pt>
File: Figures/EsquematicoNUC.png Graphic file (type png)

<use Figures/EsquematicoNUC.png>
Package pdftex.def Info: Figures/EsquematicoNUC.png used on input line 33.
(pdftex.def)             Requested size: 398.33858pt x 563.07457pt.


LaTeX Warning: `h' float specifier changed to `ht'.

<Figures/EsquematicoPHIDGETS.png, id=1036, 880.79062pt x 1243.64626pt>
File: Figures/EsquematicoPHIDGETS.png Graphic file (type png)

<use Figures/EsquematicoPHIDGETS.png>
Package pdftex.def Info: Figures/EsquematicoPHIDGETS.png used on input line 42.

(pdftex.def)             Requested size: 398.33858pt x 562.44417pt.


LaTeX Warning: `h' float specifier changed to `ht'.

<Figures/EsquematicoFLIR.png, id=1037, 622.57594pt x 880.03781pt>
File: Figures/EsquematicoFLIR.png Graphic file (type png)

<use Figures/EsquematicoFLIR.png>
Package pdftex.def Info: Figures/EsquematicoFLIR.png used on input line 51.
(pdftex.def)             Requested size: 398.33858pt x 563.07457pt.


LaTeX Warning: `h' float specifier changed to `ht'.

<Figures/EsquematicoZED.png, id=1038, 622.57594pt x 880.03781pt>
File: Figures/EsquematicoZED.png Graphic file (type png)

<use Figures/EsquematicoZED.png>
Package pdftex.def Info: Figures/EsquematicoZED.png used on input line 60.
(pdftex.def)             Requested size: 398.33858pt x 563.07457pt.


LaTeX Warning: `h' float specifier changed to `ht'.

<Figures/EsquematicoHUB1.png, id=1039, 622.57594pt x 880.03781pt>
File: Figures/EsquematicoHUB1.png Graphic file (type png)

<use Figures/EsquematicoHUB1.png>
Package pdftex.def Info: Figures/EsquematicoHUB1.png used on input line 69.
(pdftex.def)             Requested size: 398.33858pt x 563.07457pt.


LaTeX Warning: `h' float specifier changed to `ht'.

<Figures/EsquematicoHUB2.png, id=1040, 622.57594pt x 880.03781pt>
File: Figures/EsquematicoHUB2.png Graphic file (type png)

<use Figures/EsquematicoHUB2.png>
Package pdftex.def Info: Figures/EsquematicoHUB2.png used on input line 78.
(pdftex.def)             Requested size: 398.33858pt x 563.07457pt.


LaTeX Warning: `h' float specifier changed to `ht'.

<Figures/EsquematicoHUB3.png, id=1041, 622.57594pt x 880.03781pt>
File: Figures/EsquematicoHUB3.png Graphic file (type png)

<use Figures/EsquematicoHUB3.png>
Package pdftex.def Info: Figures/EsquematicoHUB3.png used on input line 87.
(pdftex.def)             Requested size: 398.33858pt x 563.07457pt.


LaTeX Warning: `h' float specifier changed to `ht'.

<Figures/board.png, id=1042, 285.2256pt x 228.1323pt>
File: Figures/board.png Graphic file (type png)
 <use Figures/board.png>
Package pdftex.def Info: Figures/board.png used on input line 96.
(pdftex.def)             Requested size: 398.33858pt x 318.61023pt.


LaTeX Warning: `h' float specifier changed to `ht'.

) [60 <./Figures/EsquematicoGeral.png>] [61 <./Figures/EsquematicoCHARGER.png>]
[62 <./Figures/EsquematicoPMB.png>] [63 <./Figures/EsquematicoNUC.png>]
[64 <./Figures/EsquematicoPHIDGETS.png>] [65 <./Figures/EsquematicoFLIR.png>]
[66 <./Figures/EsquematicoZED.png>] [67 <./Figures/EsquematicoHUB1.png>]
[68 <./Figures/EsquematicoHUB2.png>] [69 <./Figures/EsquematicoHUB3.png>]
[70 <./Figures/board.png (PNG copy)>]
\openout2 = `Appendices/wireframes.aux'.

 (./Appendices/wireframes.tex
Ap\^endice D.
<Figures/GUI_1.png, id=1099, 820.06375pt x 899.36pt>
File: Figures/GUI_1.png Graphic file (type png)
 <use Figures/GUI_1.png>
Package pdftex.def Info: Figures/GUI_1.png used on input line 9.
(pdftex.def)             Requested size: 398.33858pt x 436.86151pt.

<Figures/GUI_2.jpg, id=1100, 1276.77pt x 1226.5825pt>
File: Figures/GUI_2.jpg Graphic file (type jpg)
 <use Figures/GUI_2.jpg>
Package pdftex.def Info: Figures/GUI_2.jpg used on input line 15.
(pdftex.def)             Requested size: 455.24408pt x 437.33952pt.
)
[71



 <./Figures/GUI_1.png>] [72 <./Figures/GUI_2.jpg>]
\openout2 = `Appendices/logbook.aux'.

 (./Appendices/logbook.tex
Ap\^endice E.
) [73



]
\openout2 = `Appendices/bom.aux'.

 (./Appendices/bom.tex
Ap\^endice F.
<Appendices/billofmaterialelir.pdf, id=1114, 845.0471pt x 597.52231pt>
File: Appendices/billofmaterialelir.pdf Graphic file (type pdf)

<use Appendices/billofmaterialelir.pdf>
Package pdftex.def Info: Appendices/billofmaterialelir.pdf used on input line 6
.
(pdftex.def)             Requested size: 845.04504pt x 597.52086pt.
File: Appendices/billofmaterialelir.pdf Graphic file (type pdf)

<use Appendices/billofmaterialelir.pdf>
Package pdftex.def Info: Appendices/billofmaterialelir.pdf used on input line 6
.
(pdftex.def)             Requested size: 845.04504pt x 597.52086pt.
File: Appendices/billofmaterialelir.pdf Graphic file (type pdf)

<use Appendices/billofmaterialelir.pdf>
Package pdftex.def Info: Appendices/billofmaterialelir.pdf used on input line 6
.
(pdftex.def)             Requested size: 845.04504pt x 597.52086pt.

<Appendices/billofmaterialelir.pdf, id=1118, page=1, 845.0471pt x 597.52231pt>
File: Appendices/billofmaterialelir.pdf Graphic file (type pdf)

<use Appendices/billofmaterialelir.pdf, page 1>
Package pdftex.def Info: Appendices/billofmaterialelir.pdf, page1 used on input
 line 6.
(pdftex.def)             Requested size: 845.04504pt x 597.52086pt.
File: Appendices/billofmaterialelir.pdf Graphic file (type pdf)

<use Appendices/billofmaterialelir.pdf, page 1>
Package pdftex.def Info: Appendices/billofmaterialelir.pdf, page1 used on input
 line 6.
(pdftex.def)             Requested size: 845.08372pt x 597.5482pt.
 [74



]
File: Appendices/billofmaterialelir.pdf Graphic file (type pdf)

<use Appendices/billofmaterialelir.pdf, page 1>
Package pdftex.def Info: Appendices/billofmaterialelir.pdf, page1 used on input
 line 6.
(pdftex.def)             Requested size: 845.08372pt x 597.5482pt.
File: Appendices/billofmaterialelir.pdf Graphic file (type pdf)

<use Appendices/billofmaterialelir.pdf, page 1>
Package pdftex.def Info: Appendices/billofmaterialelir.pdf, page1 used on input
 line 6.
(pdftex.def)             Requested size: 845.08372pt x 597.5482pt.
 [75]
File: Appendices/billofmaterialelir.pdf Graphic file (type pdf)

<use Appendices/billofmaterialelir.pdf, page 1>
Package pdftex.def Info: Appendices/billofmaterialelir.pdf, page1 used on input
 line 6.
(pdftex.def)             Requested size: 845.08372pt x 597.5482pt.
File: Appendices/billofmaterialelir.pdf Graphic file (type pdf)

<use Appendices/billofmaterialelir.pdf, page 1>
Package pdftex.def Info: Appendices/billofmaterialelir.pdf, page1 used on input
 line 6.
(pdftex.def)             Requested size: 845.08372pt x 597.5482pt.
File: Appendices/billofmaterialelir.pdf Graphic file (type pdf)

<use Appendices/billofmaterialelir.pdf, page 1>
Package pdftex.def Info: Appendices/billofmaterialelir.pdf, page1 used on input
 line 6.
(pdftex.def)             Requested size: 845.08372pt x 597.5482pt.
 [76 <./Appendices/billofmaterialelir.pdf>])
No file theopraxtcc.bbl.
\openout2 = `Others/ultimafolha.aux'.

No file Others/ultimafolha.tex.

! LaTeX Error: \begin{itemize} on input line 213 ended by \end{document}.

See the LaTeX manual or LaTeX Companion for explanation.
Type  H <return>  for immediate help.
 ...                                              
                                                  
l.287 \end{document}
                    
Your command was ignored.
Type  I <command> <return>  to replace it with another command,
or  <return>  to continue without it.

Package atveryend Info: Empty hook `BeforeClearDocument' on input line 287.
Package atveryend Info: Empty hook `AfterLastShipout' on input line 287.
(./theopraxtcc.aux (./Others/FolhaRosto.aux) (./Others/resumo.aux)
(./Others/abstract.aux) (./Chapters/ChapterOne.aux) (./Chapters/ChapterTwo.aux)
(./Chapters/ChapterThree.aux) (./Chapters/ChapterFour.aux)
(./Chapters/ChapterConsideracoesfinais.aux) (./Appendices/qfd.aux)
(./Appendices/diagmec.aux) (./Appendices/diagele.aux)
(./Appendices/wireframes.aux) (./Appendices/logbook.aux) (./Appendices/bom.aux)
(./Others/ultimafolha.aux))
Package atveryend Info: Executing hook `AtVeryEndDocument' on input line 287.
Package atveryend Info: Executing hook `AtEndAfterFileList' on input line 287.
Package rerunfilecheck Info: File `theopraxtcc.out' has not changed.
(rerunfilecheck)             Checksum: BE04B0197F6323CAE605D10A423F4B4F;5432.


LaTeX Warning: There were undefined references.


LaTeX Warning: There were multiply-defined labels.

Package atveryend Info: Empty hook `AtVeryVeryEnd' on input line 287.
 )
(\end occurred inside a group at level 1)

### semi simple group (level 1) entered at line 213 (\begingroup)
### bottom level 
Here is how much of TeX's memory you used:
 12414 strings out of 493029
 184933 string characters out of 6136233
 303123 words of memory out of 5000000
 15319 multiletter control sequences out of 15000+600000
 11960 words of font info for 44 fonts, out of 8000000 for 9000
 1141 hyphenation exceptions out of 8191
 55i,18n,79p,1403b,738s stack positions out of 5000i,500n,10000p,200000b,80000s
</usr/share/texlive/texmf-dist/fonts/type1/public/amsfonts/cm/c
mbx12.pfb></usr/share/texlive/texmf-dist/fonts/type1/public/amsfonts/cm/cmbxsl1
0.pfb></usr/share/texlive/texmf-dist/fonts/type1/public/amsfonts/cm/cmr10.pfb><
/usr/share/texlive/texmf-dist/fonts/type1/public/amsfonts/cm/cmr12.pfb></usr/sh
are/texlive/texmf-dist/fonts/type1/public/amsfonts/cm/cmsl12.pfb></usr/share/te
xlive/texmf-dist/fonts/type1/public/amsfonts/cm/cmsy10.pfb></usr/share/texlive/
texmf-dist/fonts/type1/public/amsfonts/cm/cmti10.pfb></usr/share/texlive/texmf-
dist/fonts/type1/public/amsfonts/cm/cmti12.pfb>
Output written on theopraxtcc.pdf (85 pages, 5226793 bytes).
PDF statistics:
 1232 PDF objects out of 1440 (max. 8388607)
 971 compressed objects within 10 object streams
 206 named destinations out of 1000 (max. 500000)
 928 words of extra memory for PDF output out of 10000 (max. 10000000)

